The system is: Darwin - 17.6.0 - x86_64
Compiling the C compiler identification source file "CMakeCCompilerId.c" succeeded.
Compiler: /Applications/Xcode.app/Contents/Developer/Toolchains/XcodeDefault.xctoolchain/usr/bin/cc 
Build flags: 
Id flags:  

The output was:
0


Compilation of the C compiler identification source "CMakeCCompilerId.c" produced "a.out"

The C compiler identification is AppleClang, found in "/Users/ironpark/CLionProjects/hipsort/cmake-build-debug/CMakeFiles/3.10.3/CompilerIdC/a.out"

Compiling the CXX compiler identification source file "CMakeCXXCompilerId.cpp" succeeded.
Compiler: /usr/local/Cellar/gcc/8.1.0/bin/g++-8 
Build flags: 
Id flags:  

The output was:
0


Compilation of the CXX compiler identification source "CMakeCXXCompilerId.cpp" produced "a.out"

The CXX compiler identification is GNU, found in "/Users/ironpark/CLionProjects/hipsort/cmake-build-debug/CMakeFiles/3.10.3/CompilerIdCXX/a.out"

Determining if the C compiler works passed with the following output:
Change Dir: /Users/ironpark/CLionProjects/hipsort/cmake-build-debug/CMakeFiles/CMakeTmp

Run Build Command:"/usr/bin/make" "cmTC_0b6a8/fast"
/Applications/Xcode.app/Contents/Developer/usr/bin/make -f CMakeFiles/cmTC_0b6a8.dir/build.make CMakeFiles/cmTC_0b6a8.dir/build
Building C object CMakeFiles/cmTC_0b6a8.dir/testCCompiler.c.o
/Applications/Xcode.app/Contents/Developer/Toolchains/XcodeDefault.xctoolchain/usr/bin/cc    -o CMakeFiles/cmTC_0b6a8.dir/testCCompiler.c.o   -c /Users/ironpark/CLionProjects/hipsort/cmake-build-debug/CMakeFiles/CMakeTmp/testCCompiler.c
Linking C executable cmTC_0b6a8
"/Users/ironpark/Library/Application Support/JetBrains/Toolbox/apps/CLion/ch-0/181.4668.70/CLion.app/Contents/bin/cmake/bin/cmake" -E cmake_link_script CMakeFiles/cmTC_0b6a8.dir/link.txt --verbose=1
/Applications/Xcode.app/Contents/Developer/Toolchains/XcodeDefault.xctoolchain/usr/bin/cc   -Wl,-search_paths_first -Wl,-headerpad_max_install_names   CMakeFiles/cmTC_0b6a8.dir/testCCompiler.c.o  -o cmTC_0b6a8 


Detecting C compiler ABI info compiled with the following output:
Change Dir: /Users/ironpark/CLionProjects/hipsort/cmake-build-debug/CMakeFiles/CMakeTmp

Run Build Command:"/usr/bin/make" "cmTC_40ec8/fast"
/Applications/Xcode.app/Contents/Developer/usr/bin/make -f CMakeFiles/cmTC_40ec8.dir/build.make CMakeFiles/cmTC_40ec8.dir/build
Building C object CMakeFiles/cmTC_40ec8.dir/CMakeCCompilerABI.c.o
/Applications/Xcode.app/Contents/Developer/Toolchains/XcodeDefault.xctoolchain/usr/bin/cc    -o CMakeFiles/cmTC_40ec8.dir/CMakeCCompilerABI.c.o   -c "/Users/ironpark/Library/Application Support/JetBrains/Toolbox/apps/CLion/ch-0/181.4668.70/CLion.app/Contents/bin/cmake/share/cmake-3.10/Modules/CMakeCCompilerABI.c"
Linking C executable cmTC_40ec8
"/Users/ironpark/Library/Application Support/JetBrains/Toolbox/apps/CLion/ch-0/181.4668.70/CLion.app/Contents/bin/cmake/bin/cmake" -E cmake_link_script CMakeFiles/cmTC_40ec8.dir/link.txt --verbose=1
/Applications/Xcode.app/Contents/Developer/Toolchains/XcodeDefault.xctoolchain/usr/bin/cc   -Wl,-search_paths_first -Wl,-headerpad_max_install_names  -v -Wl,-v CMakeFiles/cmTC_40ec8.dir/CMakeCCompilerABI.c.o  -o cmTC_40ec8 
Apple LLVM version 9.1.0 (clang-902.0.39.2)
Target: x86_64-apple-darwin17.6.0
Thread model: posix
InstalledDir: /Applications/Xcode.app/Contents/Developer/Toolchains/XcodeDefault.xctoolchain/usr/bin
 "/Applications/Xcode.app/Contents/Developer/Toolchains/XcodeDefault.xctoolchain/usr/bin/ld" -demangle -lto_library /Applications/Xcode.app/Contents/Developer/Toolchains/XcodeDefault.xctoolchain/usr/lib/libLTO.dylib -dynamic -arch x86_64 -macosx_version_min 10.13.0 -o cmTC_40ec8 -search_paths_first -headerpad_max_install_names -v CMakeFiles/cmTC_40ec8.dir/CMakeCCompilerABI.c.o -lSystem /Applications/Xcode.app/Contents/Developer/Toolchains/XcodeDefault.xctoolchain/usr/lib/clang/9.1.0/lib/darwin/libclang_rt.osx.a
@(#)PROGRAM:ld  PROJECT:ld64-351.8
configured to support archs: armv6 armv7 armv7s arm64 i386 x86_64 x86_64h armv6m armv7k armv7m armv7em (tvOS)
Library search paths:
	/usr/lib
	/usr/local/lib
Framework search paths:
	/Library/Frameworks/
	/System/Library/Frameworks/


Parsed C implicit link information from above output:
  link line regex: [^( *|.*[/\])(ld|CMAKE_LINK_STARTFILE-NOTFOUND|([^/\]+-)?ld|collect2)[^/\]*( |$)]
  ignore line: [Change Dir: /Users/ironpark/CLionProjects/hipsort/cmake-build-debug/CMakeFiles/CMakeTmp]
  ignore line: []
  ignore line: [Run Build Command:"/usr/bin/make" "cmTC_40ec8/fast"]
  ignore line: [/Applications/Xcode.app/Contents/Developer/usr/bin/make -f CMakeFiles/cmTC_40ec8.dir/build.make CMakeFiles/cmTC_40ec8.dir/build]
  ignore line: [Building C object CMakeFiles/cmTC_40ec8.dir/CMakeCCompilerABI.c.o]
  ignore line: [/Applications/Xcode.app/Contents/Developer/Toolchains/XcodeDefault.xctoolchain/usr/bin/cc    -o CMakeFiles/cmTC_40ec8.dir/CMakeCCompilerABI.c.o   -c "/Users/ironpark/Library/Application Support/JetBrains/Toolbox/apps/CLion/ch-0/181.4668.70/CLion.app/Contents/bin/cmake/share/cmake-3.10/Modules/CMakeCCompilerABI.c"]
  ignore line: [Linking C executable cmTC_40ec8]
  ignore line: ["/Users/ironpark/Library/Application Support/JetBrains/Toolbox/apps/CLion/ch-0/181.4668.70/CLion.app/Contents/bin/cmake/bin/cmake" -E cmake_link_script CMakeFiles/cmTC_40ec8.dir/link.txt --verbose=1]
  ignore line: [/Applications/Xcode.app/Contents/Developer/Toolchains/XcodeDefault.xctoolchain/usr/bin/cc   -Wl,-search_paths_first -Wl,-headerpad_max_install_names  -v -Wl,-v CMakeFiles/cmTC_40ec8.dir/CMakeCCompilerABI.c.o  -o cmTC_40ec8 ]
  ignore line: [Apple LLVM version 9.1.0 (clang-902.0.39.2)]
  ignore line: [Target: x86_64-apple-darwin17.6.0]
  ignore line: [Thread model: posix]
  ignore line: [InstalledDir: /Applications/Xcode.app/Contents/Developer/Toolchains/XcodeDefault.xctoolchain/usr/bin]
  link line: [ "/Applications/Xcode.app/Contents/Developer/Toolchains/XcodeDefault.xctoolchain/usr/bin/ld" -demangle -lto_library /Applications/Xcode.app/Contents/Developer/Toolchains/XcodeDefault.xctoolchain/usr/lib/libLTO.dylib -dynamic -arch x86_64 -macosx_version_min 10.13.0 -o cmTC_40ec8 -search_paths_first -headerpad_max_install_names -v CMakeFiles/cmTC_40ec8.dir/CMakeCCompilerABI.c.o -lSystem /Applications/Xcode.app/Contents/Developer/Toolchains/XcodeDefault.xctoolchain/usr/lib/clang/9.1.0/lib/darwin/libclang_rt.osx.a]
    arg [/Applications/Xcode.app/Contents/Developer/Toolchains/XcodeDefault.xctoolchain/usr/bin/ld] ==> ignore
    arg [-demangle] ==> ignore
    arg [-lto_library] ==> ignore, skip following value
    arg [/Applications/Xcode.app/Contents/Developer/Toolchains/XcodeDefault.xctoolchain/usr/lib/libLTO.dylib] ==> skip value of -lto_library
    arg [-dynamic] ==> ignore
    arg [-arch] ==> ignore
    arg [x86_64] ==> ignore
    arg [-macosx_version_min] ==> ignore
    arg [10.13.0] ==> ignore
    arg [-o] ==> ignore
    arg [cmTC_40ec8] ==> ignore
    arg [-search_paths_first] ==> ignore
    arg [-headerpad_max_install_names] ==> ignore
    arg [-v] ==> ignore
    arg [CMakeFiles/cmTC_40ec8.dir/CMakeCCompilerABI.c.o] ==> ignore
    arg [-lSystem] ==> lib [System]
    arg [/Applications/Xcode.app/Contents/Developer/Toolchains/XcodeDefault.xctoolchain/usr/lib/clang/9.1.0/lib/darwin/libclang_rt.osx.a] ==> lib [/Applications/Xcode.app/Contents/Developer/Toolchains/XcodeDefault.xctoolchain/usr/lib/clang/9.1.0/lib/darwin/libclang_rt.osx.a]
  Library search paths: [;/usr/lib;/usr/local/lib]
  Framework search paths: [;/Library/Frameworks/;/System/Library/Frameworks/]
  remove lib [System]
  remove lib [/Applications/Xcode.app/Contents/Developer/Toolchains/XcodeDefault.xctoolchain/usr/lib/clang/9.1.0/lib/darwin/libclang_rt.osx.a]
  collapse library dir [/usr/lib] ==> [/usr/lib]
  collapse library dir [/usr/local/lib] ==> [/usr/local/lib]
  collapse framework dir [/Library/Frameworks/] ==> [/Library/Frameworks]
  collapse framework dir [/System/Library/Frameworks/] ==> [/System/Library/Frameworks]
  implicit libs: []
  implicit dirs: [/usr/lib;/usr/local/lib]
  implicit fwks: [/Library/Frameworks;/System/Library/Frameworks]




Detecting C [-std=c11] compiler features compiled with the following output:
Change Dir: /Users/ironpark/CLionProjects/hipsort/cmake-build-debug/CMakeFiles/CMakeTmp

Run Build Command:"/usr/bin/make" "cmTC_5dd81/fast"
/Applications/Xcode.app/Contents/Developer/usr/bin/make -f CMakeFiles/cmTC_5dd81.dir/build.make CMakeFiles/cmTC_5dd81.dir/build
Building C object CMakeFiles/cmTC_5dd81.dir/feature_tests.c.o
/Applications/Xcode.app/Contents/Developer/Toolchains/XcodeDefault.xctoolchain/usr/bin/cc   -std=c11 -o CMakeFiles/cmTC_5dd81.dir/feature_tests.c.o   -c /Users/ironpark/CLionProjects/hipsort/cmake-build-debug/CMakeFiles/feature_tests.c
Linking C executable cmTC_5dd81
"/Users/ironpark/Library/Application Support/JetBrains/Toolbox/apps/CLion/ch-0/181.4668.70/CLion.app/Contents/bin/cmake/bin/cmake" -E cmake_link_script CMakeFiles/cmTC_5dd81.dir/link.txt --verbose=1
/Applications/Xcode.app/Contents/Developer/Toolchains/XcodeDefault.xctoolchain/usr/bin/cc   -Wl,-search_paths_first -Wl,-headerpad_max_install_names   CMakeFiles/cmTC_5dd81.dir/feature_tests.c.o  -o cmTC_5dd81 


    Feature record: C_FEATURE:1c_function_prototypes
    Feature record: C_FEATURE:1c_restrict
    Feature record: C_FEATURE:1c_static_assert
    Feature record: C_FEATURE:1c_variadic_macros


Detecting C [-std=c99] compiler features compiled with the following output:
Change Dir: /Users/ironpark/CLionProjects/hipsort/cmake-build-debug/CMakeFiles/CMakeTmp

Run Build Command:"/usr/bin/make" "cmTC_38b26/fast"
/Applications/Xcode.app/Contents/Developer/usr/bin/make -f CMakeFiles/cmTC_38b26.dir/build.make CMakeFiles/cmTC_38b26.dir/build
Building C object CMakeFiles/cmTC_38b26.dir/feature_tests.c.o
/Applications/Xcode.app/Contents/Developer/Toolchains/XcodeDefault.xctoolchain/usr/bin/cc   -std=c99 -o CMakeFiles/cmTC_38b26.dir/feature_tests.c.o   -c /Users/ironpark/CLionProjects/hipsort/cmake-build-debug/CMakeFiles/feature_tests.c
Linking C executable cmTC_38b26
"/Users/ironpark/Library/Application Support/JetBrains/Toolbox/apps/CLion/ch-0/181.4668.70/CLion.app/Contents/bin/cmake/bin/cmake" -E cmake_link_script CMakeFiles/cmTC_38b26.dir/link.txt --verbose=1
/Applications/Xcode.app/Contents/Developer/Toolchains/XcodeDefault.xctoolchain/usr/bin/cc   -Wl,-search_paths_first -Wl,-headerpad_max_install_names   CMakeFiles/cmTC_38b26.dir/feature_tests.c.o  -o cmTC_38b26 


    Feature record: C_FEATURE:1c_function_prototypes
    Feature record: C_FEATURE:1c_restrict
    Feature record: C_FEATURE:0c_static_assert
    Feature record: C_FEATURE:1c_variadic_macros


Detecting C [-std=c90] compiler features compiled with the following output:
Change Dir: /Users/ironpark/CLionProjects/hipsort/cmake-build-debug/CMakeFiles/CMakeTmp

Run Build Command:"/usr/bin/make" "cmTC_70778/fast"
/Applications/Xcode.app/Contents/Developer/usr/bin/make -f CMakeFiles/cmTC_70778.dir/build.make CMakeFiles/cmTC_70778.dir/build
Building C object CMakeFiles/cmTC_70778.dir/feature_tests.c.o
/Applications/Xcode.app/Contents/Developer/Toolchains/XcodeDefault.xctoolchain/usr/bin/cc   -std=c90 -o CMakeFiles/cmTC_70778.dir/feature_tests.c.o   -c /Users/ironpark/CLionProjects/hipsort/cmake-build-debug/CMakeFiles/feature_tests.c
Linking C executable cmTC_70778
"/Users/ironpark/Library/Application Support/JetBrains/Toolbox/apps/CLion/ch-0/181.4668.70/CLion.app/Contents/bin/cmake/bin/cmake" -E cmake_link_script CMakeFiles/cmTC_70778.dir/link.txt --verbose=1
/Applications/Xcode.app/Contents/Developer/Toolchains/XcodeDefault.xctoolchain/usr/bin/cc   -Wl,-search_paths_first -Wl,-headerpad_max_install_names   CMakeFiles/cmTC_70778.dir/feature_tests.c.o  -o cmTC_70778 


    Feature record: C_FEATURE:1c_function_prototypes
    Feature record: C_FEATURE:0c_restrict
    Feature record: C_FEATURE:0c_static_assert
    Feature record: C_FEATURE:0c_variadic_macros
Determining if the CXX compiler works passed with the following output:
Change Dir: /Users/ironpark/CLionProjects/hipsort/cmake-build-debug/CMakeFiles/CMakeTmp

Run Build Command:"/usr/bin/make" "cmTC_d24b8/fast"
/Applications/Xcode.app/Contents/Developer/usr/bin/make -f CMakeFiles/cmTC_d24b8.dir/build.make CMakeFiles/cmTC_d24b8.dir/build
Building CXX object CMakeFiles/cmTC_d24b8.dir/testCXXCompiler.cxx.o
/usr/local/Cellar/gcc/8.1.0/bin/g++-8     -o CMakeFiles/cmTC_d24b8.dir/testCXXCompiler.cxx.o -c /Users/ironpark/CLionProjects/hipsort/cmake-build-debug/CMakeFiles/CMakeTmp/testCXXCompiler.cxx
Linking CXX executable cmTC_d24b8
"/Users/ironpark/Library/Application Support/JetBrains/Toolbox/apps/CLion/ch-0/181.4668.70/CLion.app/Contents/bin/cmake/bin/cmake" -E cmake_link_script CMakeFiles/cmTC_d24b8.dir/link.txt --verbose=1
/usr/local/Cellar/gcc/8.1.0/bin/g++-8    -Wl,-search_paths_first -Wl,-headerpad_max_install_names   CMakeFiles/cmTC_d24b8.dir/testCXXCompiler.cxx.o  -o cmTC_d24b8 


Detecting CXX compiler ABI info compiled with the following output:
Change Dir: /Users/ironpark/CLionProjects/hipsort/cmake-build-debug/CMakeFiles/CMakeTmp

Run Build Command:"/usr/bin/make" "cmTC_a9eb3/fast"
/Applications/Xcode.app/Contents/Developer/usr/bin/make -f CMakeFiles/cmTC_a9eb3.dir/build.make CMakeFiles/cmTC_a9eb3.dir/build
Building CXX object CMakeFiles/cmTC_a9eb3.dir/CMakeCXXCompilerABI.cpp.o
/usr/local/Cellar/gcc/8.1.0/bin/g++-8     -o CMakeFiles/cmTC_a9eb3.dir/CMakeCXXCompilerABI.cpp.o -c "/Users/ironpark/Library/Application Support/JetBrains/Toolbox/apps/CLion/ch-0/181.4668.70/CLion.app/Contents/bin/cmake/share/cmake-3.10/Modules/CMakeCXXCompilerABI.cpp"
Linking CXX executable cmTC_a9eb3
"/Users/ironpark/Library/Application Support/JetBrains/Toolbox/apps/CLion/ch-0/181.4668.70/CLion.app/Contents/bin/cmake/bin/cmake" -E cmake_link_script CMakeFiles/cmTC_a9eb3.dir/link.txt --verbose=1
/usr/local/Cellar/gcc/8.1.0/bin/g++-8    -Wl,-search_paths_first -Wl,-headerpad_max_install_names  -v -Wl,-v CMakeFiles/cmTC_a9eb3.dir/CMakeCXXCompilerABI.cpp.o  -o cmTC_a9eb3 
Using built-in specs.
COLLECT_GCC=/usr/local/Cellar/gcc/8.1.0/bin/g++-8
COLLECT_LTO_WRAPPER=/usr/local/Cellar/gcc/8.1.0/libexec/gcc/x86_64-apple-darwin17.5.0/8.1.0/lto-wrapper
Target: x86_64-apple-darwin17.5.0
Configured with: ../configure --build=x86_64-apple-darwin17.5.0 --prefix=/usr/local/Cellar/gcc/8.1.0 --libdir=/usr/local/Cellar/gcc/8.1.0/lib/gcc/8 --enable-languages=c,c++,objc,obj-c++,fortran --program-suffix=-8 --with-gmp=/usr/local/opt/gmp --with-mpfr=/usr/local/opt/mpfr --with-mpc=/usr/local/opt/libmpc --with-isl=/usr/local/opt/isl --with-system-zlib --enable-checking=release --with-pkgversion='Homebrew GCC 8.1.0' --with-bugurl=https://github.com/Homebrew/homebrew-core/issues --disable-nls
Thread model: posix
gcc version 8.1.0 (Homebrew GCC 8.1.0) 
COMPILER_PATH=/usr/local/Cellar/gcc/8.1.0/libexec/gcc/x86_64-apple-darwin17.5.0/8.1.0/:/usr/local/Cellar/gcc/8.1.0/libexec/gcc/x86_64-apple-darwin17.5.0/8.1.0/:/usr/local/Cellar/gcc/8.1.0/libexec/gcc/x86_64-apple-darwin17.5.0/:/usr/local/Cellar/gcc/8.1.0/lib/gcc/8/gcc/x86_64-apple-darwin17.5.0/8.1.0/:/usr/local/Cellar/gcc/8.1.0/lib/gcc/8/gcc/x86_64-apple-darwin17.5.0/
LIBRARY_PATH=/usr/local/Cellar/gcc/8.1.0/lib/gcc/8/gcc/x86_64-apple-darwin17.5.0/8.1.0/:/usr/local/Cellar/gcc/8.1.0/lib/gcc/8/gcc/x86_64-apple-darwin17.5.0/8.1.0/../../../
COLLECT_GCC_OPTIONS='-v' '-o' 'cmTC_a9eb3' '-mmacosx-version-min=10.13.0' '-asm_macosx_version_min=10.13' '-shared-libgcc' '-mtune=core2'
 /usr/local/Cellar/gcc/8.1.0/libexec/gcc/x86_64-apple-darwin17.5.0/8.1.0/collect2 -dynamic -arch x86_64 -macosx_version_min 10.13.0 -weak_reference_mismatches non-weak -o cmTC_a9eb3 -L/usr/local/Cellar/gcc/8.1.0/lib/gcc/8/gcc/x86_64-apple-darwin17.5.0/8.1.0 -L/usr/local/Cellar/gcc/8.1.0/lib/gcc/8/gcc/x86_64-apple-darwin17.5.0/8.1.0/../../.. -search_paths_first -headerpad_max_install_names -v CMakeFiles/cmTC_a9eb3.dir/CMakeCXXCompilerABI.cpp.o -lstdc++ -no_compact_unwind -lSystem -lgcc_ext.10.5 -lgcc -lSystem -v
collect2 version 8.1.0
/usr/bin/ld -dynamic -arch x86_64 -macosx_version_min 10.13.0 -weak_reference_mismatches non-weak -o cmTC_a9eb3 -L/usr/local/Cellar/gcc/8.1.0/lib/gcc/8/gcc/x86_64-apple-darwin17.5.0/8.1.0 -L/usr/local/Cellar/gcc/8.1.0/lib/gcc/8/gcc/x86_64-apple-darwin17.5.0/8.1.0/../../.. -search_paths_first -headerpad_max_install_names -v CMakeFiles/cmTC_a9eb3.dir/CMakeCXXCompilerABI.cpp.o -lstdc++ -no_compact_unwind -lSystem -lgcc_ext.10.5 -lgcc -lSystem -v
@(#)PROGRAM:ld  PROJECT:ld64-351.8
configured to support archs: armv6 armv7 armv7s arm64 i386 x86_64 x86_64h armv6m armv7k armv7m armv7em (tvOS)
@(#)PROGRAM:ld  PROJECT:ld64-351.8
configured to support archs: armv6 armv7 armv7s arm64 i386 x86_64 x86_64h armv6m armv7k armv7m armv7em (tvOS)
Library search paths:
	/usr/local/Cellar/gcc/8.1.0/lib/gcc/8/gcc/x86_64-apple-darwin17.5.0/8.1.0
	/usr/local/Cellar/gcc/8.1.0/lib/gcc/8
	/usr/lib
	/usr/local/lib
Framework search paths:
	/Library/Frameworks/
	/System/Library/Frameworks/
 /usr/bin/nm -n CMakeFiles/cmTC_a9eb3.dir/CMakeCXXCompilerABI.cpp.o


Parsed CXX implicit link information from above output:
  link line regex: [^( *|.*[/\])(ld|CMAKE_LINK_STARTFILE-NOTFOUND|([^/\]+-)?ld|collect2)[^/\]*( |$)]
  ignore line: [Change Dir: /Users/ironpark/CLionProjects/hipsort/cmake-build-debug/CMakeFiles/CMakeTmp]
  ignore line: []
  ignore line: [Run Build Command:"/usr/bin/make" "cmTC_a9eb3/fast"]
  ignore line: [/Applications/Xcode.app/Contents/Developer/usr/bin/make -f CMakeFiles/cmTC_a9eb3.dir/build.make CMakeFiles/cmTC_a9eb3.dir/build]
  ignore line: [Building CXX object CMakeFiles/cmTC_a9eb3.dir/CMakeCXXCompilerABI.cpp.o]
  ignore line: [/usr/local/Cellar/gcc/8.1.0/bin/g++-8     -o CMakeFiles/cmTC_a9eb3.dir/CMakeCXXCompilerABI.cpp.o -c "/Users/ironpark/Library/Application Support/JetBrains/Toolbox/apps/CLion/ch-0/181.4668.70/CLion.app/Contents/bin/cmake/share/cmake-3.10/Modules/CMakeCXXCompilerABI.cpp"]
  ignore line: [Linking CXX executable cmTC_a9eb3]
  ignore line: ["/Users/ironpark/Library/Application Support/JetBrains/Toolbox/apps/CLion/ch-0/181.4668.70/CLion.app/Contents/bin/cmake/bin/cmake" -E cmake_link_script CMakeFiles/cmTC_a9eb3.dir/link.txt --verbose=1]
  ignore line: [/usr/local/Cellar/gcc/8.1.0/bin/g++-8    -Wl,-search_paths_first -Wl,-headerpad_max_install_names  -v -Wl,-v CMakeFiles/cmTC_a9eb3.dir/CMakeCXXCompilerABI.cpp.o  -o cmTC_a9eb3 ]
  ignore line: [Using built-in specs.]
  ignore line: [COLLECT_GCC=/usr/local/Cellar/gcc/8.1.0/bin/g++-8]
  ignore line: [COLLECT_LTO_WRAPPER=/usr/local/Cellar/gcc/8.1.0/libexec/gcc/x86_64-apple-darwin17.5.0/8.1.0/lto-wrapper]
  ignore line: [Target: x86_64-apple-darwin17.5.0]
  ignore line: [Configured with: ../configure --build=x86_64-apple-darwin17.5.0 --prefix=/usr/local/Cellar/gcc/8.1.0 --libdir=/usr/local/Cellar/gcc/8.1.0/lib/gcc/8 --enable-languages=c,c++,objc,obj-c++,fortran --program-suffix=-8 --with-gmp=/usr/local/opt/gmp --with-mpfr=/usr/local/opt/mpfr --with-mpc=/usr/local/opt/libmpc --with-isl=/usr/local/opt/isl --with-system-zlib --enable-checking=release --with-pkgversion='Homebrew GCC 8.1.0' --with-bugurl=https://github.com/Homebrew/homebrew-core/issues --disable-nls]
  ignore line: [Thread model: posix]
  ignore line: [gcc version 8.1.0 (Homebrew GCC 8.1.0) ]
  ignore line: [COMPILER_PATH=/usr/local/Cellar/gcc/8.1.0/libexec/gcc/x86_64-apple-darwin17.5.0/8.1.0/:/usr/local/Cellar/gcc/8.1.0/libexec/gcc/x86_64-apple-darwin17.5.0/8.1.0/:/usr/local/Cellar/gcc/8.1.0/libexec/gcc/x86_64-apple-darwin17.5.0/:/usr/local/Cellar/gcc/8.1.0/lib/gcc/8/gcc/x86_64-apple-darwin17.5.0/8.1.0/:/usr/local/Cellar/gcc/8.1.0/lib/gcc/8/gcc/x86_64-apple-darwin17.5.0/]
  ignore line: [LIBRARY_PATH=/usr/local/Cellar/gcc/8.1.0/lib/gcc/8/gcc/x86_64-apple-darwin17.5.0/8.1.0/:/usr/local/Cellar/gcc/8.1.0/lib/gcc/8/gcc/x86_64-apple-darwin17.5.0/8.1.0/../../../]
  ignore line: [COLLECT_GCC_OPTIONS='-v' '-o' 'cmTC_a9eb3' '-mmacosx-version-min=10.13.0' '-asm_macosx_version_min=10.13' '-shared-libgcc' '-mtune=core2']
  link line: [ /usr/local/Cellar/gcc/8.1.0/libexec/gcc/x86_64-apple-darwin17.5.0/8.1.0/collect2 -dynamic -arch x86_64 -macosx_version_min 10.13.0 -weak_reference_mismatches non-weak -o cmTC_a9eb3 -L/usr/local/Cellar/gcc/8.1.0/lib/gcc/8/gcc/x86_64-apple-darwin17.5.0/8.1.0 -L/usr/local/Cellar/gcc/8.1.0/lib/gcc/8/gcc/x86_64-apple-darwin17.5.0/8.1.0/../../.. -search_paths_first -headerpad_max_install_names -v CMakeFiles/cmTC_a9eb3.dir/CMakeCXXCompilerABI.cpp.o -lstdc++ -no_compact_unwind -lSystem -lgcc_ext.10.5 -lgcc -lSystem -v]
    arg [/usr/local/Cellar/gcc/8.1.0/libexec/gcc/x86_64-apple-darwin17.5.0/8.1.0/collect2] ==> ignore
    arg [-dynamic] ==> ignore
    arg [-arch] ==> ignore
    arg [x86_64] ==> ignore
    arg [-macosx_version_min] ==> ignore
    arg [10.13.0] ==> ignore
    arg [-weak_reference_mismatches] ==> ignore
    arg [non-weak] ==> ignore
    arg [-o] ==> ignore
    arg [cmTC_a9eb3] ==> ignore
    arg [-L/usr/local/Cellar/gcc/8.1.0/lib/gcc/8/gcc/x86_64-apple-darwin17.5.0/8.1.0] ==> dir [/usr/local/Cellar/gcc/8.1.0/lib/gcc/8/gcc/x86_64-apple-darwin17.5.0/8.1.0]
    arg [-L/usr/local/Cellar/gcc/8.1.0/lib/gcc/8/gcc/x86_64-apple-darwin17.5.0/8.1.0/../../..] ==> dir [/usr/local/Cellar/gcc/8.1.0/lib/gcc/8/gcc/x86_64-apple-darwin17.5.0/8.1.0/../../..]
    arg [-search_paths_first] ==> ignore
    arg [-headerpad_max_install_names] ==> ignore
    arg [-v] ==> ignore
    arg [CMakeFiles/cmTC_a9eb3.dir/CMakeCXXCompilerABI.cpp.o] ==> ignore
    arg [-lstdc++] ==> lib [stdc++]
    arg [-no_compact_unwind] ==> ignore
    arg [-lSystem] ==> lib [System]
    arg [-lgcc_ext.10.5] ==> lib [gcc_ext.10.5]
    arg [-lgcc] ==> lib [gcc]
    arg [-lSystem] ==> lib [System]
    arg [-v] ==> ignore
  Library search paths: [;/usr/local/Cellar/gcc/8.1.0/lib/gcc/8/gcc/x86_64-apple-darwin17.5.0/8.1.0;/usr/local/Cellar/gcc/8.1.0/lib/gcc/8;/usr/lib;/usr/local/lib]
  Framework search paths: [;/Library/Frameworks/;/System/Library/Frameworks/]
  remove lib [System]
  remove lib [System]
  collapse library dir [/usr/local/Cellar/gcc/8.1.0/lib/gcc/8/gcc/x86_64-apple-darwin17.5.0/8.1.0] ==> [/usr/local/Cellar/gcc/8.1.0/lib/gcc/8/gcc/x86_64-apple-darwin17.5.0/8.1.0]
  collapse library dir [/usr/local/Cellar/gcc/8.1.0/lib/gcc/8/gcc/x86_64-apple-darwin17.5.0/8.1.0/../../..] ==> [/usr/local/Cellar/gcc/8.1.0/lib/gcc/8]
  collapse library dir [/usr/local/Cellar/gcc/8.1.0/lib/gcc/8/gcc/x86_64-apple-darwin17.5.0/8.1.0] ==> [/usr/local/Cellar/gcc/8.1.0/lib/gcc/8/gcc/x86_64-apple-darwin17.5.0/8.1.0]
  collapse library dir [/usr/local/Cellar/gcc/8.1.0/lib/gcc/8] ==> [/usr/local/Cellar/gcc/8.1.0/lib/gcc/8]
  collapse library dir [/usr/lib] ==> [/usr/lib]
  collapse library dir [/usr/local/lib] ==> [/usr/local/lib]
  collapse framework dir [/Library/Frameworks/] ==> [/Library/Frameworks]
  collapse framework dir [/System/Library/Frameworks/] ==> [/System/Library/Frameworks]
  implicit libs: [stdc++;gcc_ext.10.5;gcc]
  implicit dirs: [/usr/local/Cellar/gcc/8.1.0/lib/gcc/8/gcc/x86_64-apple-darwin17.5.0/8.1.0;/usr/local/Cellar/gcc/8.1.0/lib/gcc/8;/usr/lib;/usr/local/lib]
  implicit fwks: [/Library/Frameworks;/System/Library/Frameworks]




Detecting CXX [-std=c++1z] compiler features compiled with the following output:
Change Dir: /Users/ironpark/CLionProjects/hipsort/cmake-build-debug/CMakeFiles/CMakeTmp

Run Build Command:"/usr/bin/make" "cmTC_693f1/fast"
/Applications/Xcode.app/Contents/Developer/usr/bin/make -f CMakeFiles/cmTC_693f1.dir/build.make CMakeFiles/cmTC_693f1.dir/build
Building CXX object CMakeFiles/cmTC_693f1.dir/feature_tests.cxx.o
/usr/local/Cellar/gcc/8.1.0/bin/g++-8    -std=c++1z -o CMakeFiles/cmTC_693f1.dir/feature_tests.cxx.o -c /Users/ironpark/CLionProjects/hipsort/cmake-build-debug/CMakeFiles/feature_tests.cxx
Linking CXX executable cmTC_693f1
"/Users/ironpark/Library/Application Support/JetBrains/Toolbox/apps/CLion/ch-0/181.4668.70/CLion.app/Contents/bin/cmake/bin/cmake" -E cmake_link_script CMakeFiles/cmTC_693f1.dir/link.txt --verbose=1
/usr/local/Cellar/gcc/8.1.0/bin/g++-8    -Wl,-search_paths_first -Wl,-headerpad_max_install_names   CMakeFiles/cmTC_693f1.dir/feature_tests.cxx.o  -o cmTC_693f1 


    Feature record: CXX_FEATURE:1cxx_aggregate_default_initializers
    Feature record: CXX_FEATURE:1cxx_alias_templates
    Feature record: CXX_FEATURE:1cxx_alignas
    Feature record: CXX_FEATURE:1cxx_alignof
    Feature record: CXX_FEATURE:1cxx_attributes
    Feature record: CXX_FEATURE:1cxx_attribute_deprecated
    Feature record: CXX_FEATURE:1cxx_auto_type
    Feature record: CXX_FEATURE:1cxx_binary_literals
    Feature record: CXX_FEATURE:1cxx_constexpr
    Feature record: CXX_FEATURE:1cxx_contextual_conversions
    Feature record: CXX_FEATURE:1cxx_decltype
    Feature record: CXX_FEATURE:1cxx_decltype_auto
    Feature record: CXX_FEATURE:1cxx_decltype_incomplete_return_types
    Feature record: CXX_FEATURE:1cxx_default_function_template_args
    Feature record: CXX_FEATURE:1cxx_defaulted_functions
    Feature record: CXX_FEATURE:1cxx_defaulted_move_initializers
    Feature record: CXX_FEATURE:1cxx_delegating_constructors
    Feature record: CXX_FEATURE:1cxx_deleted_functions
    Feature record: CXX_FEATURE:1cxx_digit_separators
    Feature record: CXX_FEATURE:1cxx_enum_forward_declarations
    Feature record: CXX_FEATURE:1cxx_explicit_conversions
    Feature record: CXX_FEATURE:1cxx_extended_friend_declarations
    Feature record: CXX_FEATURE:1cxx_extern_templates
    Feature record: CXX_FEATURE:1cxx_final
    Feature record: CXX_FEATURE:1cxx_func_identifier
    Feature record: CXX_FEATURE:1cxx_generalized_initializers
    Feature record: CXX_FEATURE:1cxx_generic_lambdas
    Feature record: CXX_FEATURE:1cxx_inheriting_constructors
    Feature record: CXX_FEATURE:1cxx_inline_namespaces
    Feature record: CXX_FEATURE:1cxx_lambdas
    Feature record: CXX_FEATURE:1cxx_lambda_init_captures
    Feature record: CXX_FEATURE:1cxx_local_type_template_args
    Feature record: CXX_FEATURE:1cxx_long_long_type
    Feature record: CXX_FEATURE:1cxx_noexcept
    Feature record: CXX_FEATURE:1cxx_nonstatic_member_init
    Feature record: CXX_FEATURE:1cxx_nullptr
    Feature record: CXX_FEATURE:1cxx_override
    Feature record: CXX_FEATURE:1cxx_range_for
    Feature record: CXX_FEATURE:1cxx_raw_string_literals
    Feature record: CXX_FEATURE:1cxx_reference_qualified_functions
    Feature record: CXX_FEATURE:1cxx_relaxed_constexpr
    Feature record: CXX_FEATURE:1cxx_return_type_deduction
    Feature record: CXX_FEATURE:1cxx_right_angle_brackets
    Feature record: CXX_FEATURE:1cxx_rvalue_references
    Feature record: CXX_FEATURE:1cxx_sizeof_member
    Feature record: CXX_FEATURE:1cxx_static_assert
    Feature record: CXX_FEATURE:1cxx_strong_enums
    Feature record: CXX_FEATURE:1cxx_template_template_parameters
    Feature record: CXX_FEATURE:1cxx_thread_local
    Feature record: CXX_FEATURE:1cxx_trailing_return_types
    Feature record: CXX_FEATURE:1cxx_unicode_literals
    Feature record: CXX_FEATURE:1cxx_uniform_initialization
    Feature record: CXX_FEATURE:1cxx_unrestricted_unions
    Feature record: CXX_FEATURE:1cxx_user_literals
    Feature record: CXX_FEATURE:1cxx_variable_templates
    Feature record: CXX_FEATURE:1cxx_variadic_macros
    Feature record: CXX_FEATURE:1cxx_variadic_templates


Detecting CXX [-std=c++14] compiler features compiled with the following output:
Change Dir: /Users/ironpark/CLionProjects/hipsort/cmake-build-debug/CMakeFiles/CMakeTmp

Run Build Command:"/usr/bin/make" "cmTC_23c03/fast"
/Applications/Xcode.app/Contents/Developer/usr/bin/make -f CMakeFiles/cmTC_23c03.dir/build.make CMakeFiles/cmTC_23c03.dir/build
Building CXX object CMakeFiles/cmTC_23c03.dir/feature_tests.cxx.o
/usr/local/Cellar/gcc/8.1.0/bin/g++-8    -std=c++14 -o CMakeFiles/cmTC_23c03.dir/feature_tests.cxx.o -c /Users/ironpark/CLionProjects/hipsort/cmake-build-debug/CMakeFiles/feature_tests.cxx
Linking CXX executable cmTC_23c03
"/Users/ironpark/Library/Application Support/JetBrains/Toolbox/apps/CLion/ch-0/181.4668.70/CLion.app/Contents/bin/cmake/bin/cmake" -E cmake_link_script CMakeFiles/cmTC_23c03.dir/link.txt --verbose=1
/usr/local/Cellar/gcc/8.1.0/bin/g++-8    -Wl,-search_paths_first -Wl,-headerpad_max_install_names   CMakeFiles/cmTC_23c03.dir/feature_tests.cxx.o  -o cmTC_23c03 


    Feature record: CXX_FEATURE:1cxx_aggregate_default_initializers
    Feature record: CXX_FEATURE:1cxx_alias_templates
    Feature record: CXX_FEATURE:1cxx_alignas
    Feature record: CXX_FEATURE:1cxx_alignof
    Feature record: CXX_FEATURE:1cxx_attributes
    Feature record: CXX_FEATURE:1cxx_attribute_deprecated
    Feature record: CXX_FEATURE:1cxx_auto_type
    Feature record: CXX_FEATURE:1cxx_binary_literals
    Feature record: CXX_FEATURE:1cxx_constexpr
    Feature record: CXX_FEATURE:1cxx_contextual_conversions
    Feature record: CXX_FEATURE:1cxx_decltype
    Feature record: CXX_FEATURE:1cxx_decltype_auto
    Feature record: CXX_FEATURE:1cxx_decltype_incomplete_return_types
    Feature record: CXX_FEATURE:1cxx_default_function_template_args
    Feature record: CXX_FEATURE:1cxx_defaulted_functions
    Feature record: CXX_FEATURE:1cxx_defaulted_move_initializers
    Feature record: CXX_FEATURE:1cxx_delegating_constructors
    Feature record: CXX_FEATURE:1cxx_deleted_functions
    Feature record: CXX_FEATURE:1cxx_digit_separators
    Feature record: CXX_FEATURE:1cxx_enum_forward_declarations
    Feature record: CXX_FEATURE:1cxx_explicit_conversions
    Feature record: CXX_FEATURE:1cxx_extended_friend_declarations
    Feature record: CXX_FEATURE:1cxx_extern_templates
    Feature record: CXX_FEATURE:1cxx_final
    Feature record: CXX_FEATURE:1cxx_func_identifier
    Feature record: CXX_FEATURE:1cxx_generalized_initializers
    Feature record: CXX_FEATURE:1cxx_generic_lambdas
    Feature record: CXX_FEATURE:1cxx_inheriting_constructors
    Feature record: CXX_FEATURE:1cxx_inline_namespaces
    Feature record: CXX_FEATURE:1cxx_lambdas
    Feature record: CXX_FEATURE:1cxx_lambda_init_captures
    Feature record: CXX_FEATURE:1cxx_local_type_template_args
    Feature record: CXX_FEATURE:1cxx_long_long_type
    Feature record: CXX_FEATURE:1cxx_noexcept
    Feature record: CXX_FEATURE:1cxx_nonstatic_member_init
    Feature record: CXX_FEATURE:1cxx_nullptr
    Feature record: CXX_FEATURE:1cxx_override
    Feature record: CXX_FEATURE:1cxx_range_for
    Feature record: CXX_FEATURE:1cxx_raw_string_literals
    Feature record: CXX_FEATURE:1cxx_reference_qualified_functions
    Feature record: CXX_FEATURE:1cxx_relaxed_constexpr
    Feature record: CXX_FEATURE:1cxx_return_type_deduction
    Feature record: CXX_FEATURE:1cxx_right_angle_brackets
    Feature record: CXX_FEATURE:1cxx_rvalue_references
    Feature record: CXX_FEATURE:1cxx_sizeof_member
    Feature record: CXX_FEATURE:1cxx_static_assert
    Feature record: CXX_FEATURE:1cxx_strong_enums
    Feature record: CXX_FEATURE:1cxx_template_template_parameters
    Feature record: CXX_FEATURE:1cxx_thread_local
    Feature record: CXX_FEATURE:1cxx_trailing_return_types
    Feature record: CXX_FEATURE:1cxx_unicode_literals
    Feature record: CXX_FEATURE:1cxx_uniform_initialization
    Feature record: CXX_FEATURE:1cxx_unrestricted_unions
    Feature record: CXX_FEATURE:1cxx_user_literals
    Feature record: CXX_FEATURE:1cxx_variable_templates
    Feature record: CXX_FEATURE:1cxx_variadic_macros
    Feature record: CXX_FEATURE:1cxx_variadic_templates


Detecting CXX [-std=c++11] compiler features compiled with the following output:
Change Dir: /Users/ironpark/CLionProjects/hipsort/cmake-build-debug/CMakeFiles/CMakeTmp

Run Build Command:"/usr/bin/make" "cmTC_3cf9a/fast"
/Applications/Xcode.app/Contents/Developer/usr/bin/make -f CMakeFiles/cmTC_3cf9a.dir/build.make CMakeFiles/cmTC_3cf9a.dir/build
Building CXX object CMakeFiles/cmTC_3cf9a.dir/feature_tests.cxx.o
/usr/local/Cellar/gcc/8.1.0/bin/g++-8    -std=c++11 -o CMakeFiles/cmTC_3cf9a.dir/feature_tests.cxx.o -c /Users/ironpark/CLionProjects/hipsort/cmake-build-debug/CMakeFiles/feature_tests.cxx
Linking CXX executable cmTC_3cf9a
"/Users/ironpark/Library/Application Support/JetBrains/Toolbox/apps/CLion/ch-0/181.4668.70/CLion.app/Contents/bin/cmake/bin/cmake" -E cmake_link_script CMakeFiles/cmTC_3cf9a.dir/link.txt --verbose=1
/usr/local/Cellar/gcc/8.1.0/bin/g++-8    -Wl,-search_paths_first -Wl,-headerpad_max_install_names   CMakeFiles/cmTC_3cf9a.dir/feature_tests.cxx.o  -o cmTC_3cf9a 


    Feature record: CXX_FEATURE:0cxx_aggregate_default_initializers
    Feature record: CXX_FEATURE:1cxx_alias_templates
    Feature record: CXX_FEATURE:1cxx_alignas
    Feature record: CXX_FEATURE:1cxx_alignof
    Feature record: CXX_FEATURE:1cxx_attributes
    Feature record: CXX_FEATURE:0cxx_attribute_deprecated
    Feature record: CXX_FEATURE:1cxx_auto_type
    Feature record: CXX_FEATURE:0cxx_binary_literals
    Feature record: CXX_FEATURE:1cxx_constexpr
    Feature record: CXX_FEATURE:0cxx_contextual_conversions
    Feature record: CXX_FEATURE:1cxx_decltype
    Feature record: CXX_FEATURE:0cxx_decltype_auto
    Feature record: CXX_FEATURE:1cxx_decltype_incomplete_return_types
    Feature record: CXX_FEATURE:1cxx_default_function_template_args
    Feature record: CXX_FEATURE:1cxx_defaulted_functions
    Feature record: CXX_FEATURE:1cxx_defaulted_move_initializers
    Feature record: CXX_FEATURE:1cxx_delegating_constructors
    Feature record: CXX_FEATURE:1cxx_deleted_functions
    Feature record: CXX_FEATURE:0cxx_digit_separators
    Feature record: CXX_FEATURE:1cxx_enum_forward_declarations
    Feature record: CXX_FEATURE:1cxx_explicit_conversions
    Feature record: CXX_FEATURE:1cxx_extended_friend_declarations
    Feature record: CXX_FEATURE:1cxx_extern_templates
    Feature record: CXX_FEATURE:1cxx_final
    Feature record: CXX_FEATURE:1cxx_func_identifier
    Feature record: CXX_FEATURE:1cxx_generalized_initializers
    Feature record: CXX_FEATURE:0cxx_generic_lambdas
    Feature record: CXX_FEATURE:1cxx_inheriting_constructors
    Feature record: CXX_FEATURE:1cxx_inline_namespaces
    Feature record: CXX_FEATURE:1cxx_lambdas
    Feature record: CXX_FEATURE:0cxx_lambda_init_captures
    Feature record: CXX_FEATURE:1cxx_local_type_template_args
    Feature record: CXX_FEATURE:1cxx_long_long_type
    Feature record: CXX_FEATURE:1cxx_noexcept
    Feature record: CXX_FEATURE:1cxx_nonstatic_member_init
    Feature record: CXX_FEATURE:1cxx_nullptr
    Feature record: CXX_FEATURE:1cxx_override
    Feature record: CXX_FEATURE:1cxx_range_for
    Feature record: CXX_FEATURE:1cxx_raw_string_literals
    Feature record: CXX_FEATURE:1cxx_reference_qualified_functions
    Feature record: CXX_FEATURE:0cxx_relaxed_constexpr
    Feature record: CXX_FEATURE:0cxx_return_type_deduction
    Feature record: CXX_FEATURE:1cxx_right_angle_brackets
    Feature record: CXX_FEATURE:1cxx_rvalue_references
    Feature record: CXX_FEATURE:1cxx_sizeof_member
    Feature record: CXX_FEATURE:1cxx_static_assert
    Feature record: CXX_FEATURE:1cxx_strong_enums
    Feature record: CXX_FEATURE:1cxx_template_template_parameters
    Feature record: CXX_FEATURE:1cxx_thread_local
    Feature record: CXX_FEATURE:1cxx_trailing_return_types
    Feature record: CXX_FEATURE:1cxx_unicode_literals
    Feature record: CXX_FEATURE:1cxx_uniform_initialization
    Feature record: CXX_FEATURE:1cxx_unrestricted_unions
    Feature record: CXX_FEATURE:1cxx_user_literals
    Feature record: CXX_FEATURE:0cxx_variable_templates
    Feature record: CXX_FEATURE:1cxx_variadic_macros
    Feature record: CXX_FEATURE:1cxx_variadic_templates


Detecting CXX [-std=c++98] compiler features compiled with the following output:
Change Dir: /Users/ironpark/CLionProjects/hipsort/cmake-build-debug/CMakeFiles/CMakeTmp

Run Build Command:"/usr/bin/make" "cmTC_0ad75/fast"
/Applications/Xcode.app/Contents/Developer/usr/bin/make -f CMakeFiles/cmTC_0ad75.dir/build.make CMakeFiles/cmTC_0ad75.dir/build
Building CXX object CMakeFiles/cmTC_0ad75.dir/feature_tests.cxx.o
/usr/local/Cellar/gcc/8.1.0/bin/g++-8    -std=c++98 -o CMakeFiles/cmTC_0ad75.dir/feature_tests.cxx.o -c /Users/ironpark/CLionProjects/hipsort/cmake-build-debug/CMakeFiles/feature_tests.cxx
Linking CXX executable cmTC_0ad75
"/Users/ironpark/Library/Application Support/JetBrains/Toolbox/apps/CLion/ch-0/181.4668.70/CLion.app/Contents/bin/cmake/bin/cmake" -E cmake_link_script CMakeFiles/cmTC_0ad75.dir/link.txt --verbose=1
/usr/local/Cellar/gcc/8.1.0/bin/g++-8    -Wl,-search_paths_first -Wl,-headerpad_max_install_names   CMakeFiles/cmTC_0ad75.dir/feature_tests.cxx.o  -o cmTC_0ad75 


    Feature record: CXX_FEATURE:0cxx_aggregate_default_initializers
    Feature record: CXX_FEATURE:0cxx_alias_templates
    Feature record: CXX_FEATURE:0cxx_alignas
    Feature record: CXX_FEATURE:0cxx_alignof
    Feature record: CXX_FEATURE:0cxx_attributes
    Feature record: CXX_FEATURE:0cxx_attribute_deprecated
    Feature record: CXX_FEATURE:0cxx_auto_type
    Feature record: CXX_FEATURE:0cxx_binary_literals
    Feature record: CXX_FEATURE:0cxx_constexpr
    Feature record: CXX_FEATURE:0cxx_contextual_conversions
    Feature record: CXX_FEATURE:0cxx_decltype
    Feature record: CXX_FEATURE:0cxx_decltype_auto
    Feature record: CXX_FEATURE:0cxx_decltype_incomplete_return_types
    Feature record: CXX_FEATURE:0cxx_default_function_template_args
    Feature record: CXX_FEATURE:0cxx_defaulted_functions
    Feature record: CXX_FEATURE:0cxx_defaulted_move_initializers
    Feature record: CXX_FEATURE:0cxx_delegating_constructors
    Feature record: CXX_FEATURE:0cxx_deleted_functions
    Feature record: CXX_FEATURE:0cxx_digit_separators
    Feature record: CXX_FEATURE:0cxx_enum_forward_declarations
    Feature record: CXX_FEATURE:0cxx_explicit_conversions
    Feature record: CXX_FEATURE:0cxx_extended_friend_declarations
    Feature record: CXX_FEATURE:0cxx_extern_templates
    Feature record: CXX_FEATURE:0cxx_final
    Feature record: CXX_FEATURE:0cxx_func_identifier
    Feature record: CXX_FEATURE:0cxx_generalized_initializers
    Feature record: CXX_FEATURE:0cxx_generic_lambdas
    Feature record: CXX_FEATURE:0cxx_inheriting_constructors
    Feature record: CXX_FEATURE:0cxx_inline_namespaces
    Feature record: CXX_FEATURE:0cxx_lambdas
    Feature record: CXX_FEATURE:0cxx_lambda_init_captures
    Feature record: CXX_FEATURE:0cxx_local_type_template_args
    Feature record: CXX_FEATURE:0cxx_long_long_type
    Feature record: CXX_FEATURE:0cxx_noexcept
    Feature record: CXX_FEATURE:0cxx_nonstatic_member_init
    Feature record: CXX_FEATURE:0cxx_nullptr
    Feature record: CXX_FEATURE:0cxx_override
    Feature record: CXX_FEATURE:0cxx_range_for
    Feature record: CXX_FEATURE:0cxx_raw_string_literals
    Feature record: CXX_FEATURE:0cxx_reference_qualified_functions
    Feature record: CXX_FEATURE:0cxx_relaxed_constexpr
    Feature record: CXX_FEATURE:0cxx_return_type_deduction
    Feature record: CXX_FEATURE:0cxx_right_angle_brackets
    Feature record: CXX_FEATURE:0cxx_rvalue_references
    Feature record: CXX_FEATURE:0cxx_sizeof_member
    Feature record: CXX_FEATURE:0cxx_static_assert
    Feature record: CXX_FEATURE:0cxx_strong_enums
    Feature record: CXX_FEATURE:1cxx_template_template_parameters
    Feature record: CXX_FEATURE:0cxx_thread_local
    Feature record: CXX_FEATURE:0cxx_trailing_return_types
    Feature record: CXX_FEATURE:0cxx_unicode_literals
    Feature record: CXX_FEATURE:0cxx_uniform_initialization
    Feature record: CXX_FEATURE:0cxx_unrestricted_unions
    Feature record: CXX_FEATURE:0cxx_user_literals
    Feature record: CXX_FEATURE:0cxx_variable_templates
    Feature record: CXX_FEATURE:0cxx_variadic_macros
    Feature record: CXX_FEATURE:0cxx_variadic_templates
The system is: Darwin - 17.6.0 - x86_64
Compiling the C compiler identification source file "CMakeCCompilerId.c" succeeded.
Compiler: /Applications/Xcode.app/Contents/Developer/Toolchains/XcodeDefault.xctoolchain/usr/bin/cc 
Build flags: 
Id flags:  

The output was:
0


Compilation of the C compiler identification source "CMakeCCompilerId.c" produced "a.out"

The C compiler identification is AppleClang, found in "/Users/ironpark/CLionProjects/hipsort/cmake-build-debug/CMakeFiles/3.12.0/CompilerIdC/a.out"

Compiling the CXX compiler identification source file "CMakeCXXCompilerId.cpp" succeeded.
Compiler: /usr/local/Cellar/gcc/8.1.0/bin/g++-8 
Build flags: 
Id flags:  

The output was:
0


Compilation of the CXX compiler identification source "CMakeCXXCompilerId.cpp" produced "a.out"

The CXX compiler identification is GNU, found in "/Users/ironpark/CLionProjects/hipsort/cmake-build-debug/CMakeFiles/3.12.0/CompilerIdCXX/a.out"

Determining if the C compiler works passed with the following output:
Change Dir: /Users/ironpark/CLionProjects/hipsort/cmake-build-debug/CMakeFiles/CMakeTmp

Run Build Command:"/usr/bin/make" "cmTC_e25ea/fast"
/Applications/Xcode.app/Contents/Developer/usr/bin/make -f CMakeFiles/cmTC_e25ea.dir/build.make CMakeFiles/cmTC_e25ea.dir/build
Building C object CMakeFiles/cmTC_e25ea.dir/testCCompiler.c.o
/Applications/Xcode.app/Contents/Developer/Toolchains/XcodeDefault.xctoolchain/usr/bin/cc    -o CMakeFiles/cmTC_e25ea.dir/testCCompiler.c.o   -c /Users/ironpark/CLionProjects/hipsort/cmake-build-debug/CMakeFiles/CMakeTmp/testCCompiler.c
Linking C executable cmTC_e25ea
"/Users/ironpark/Library/Application Support/JetBrains/Toolbox/apps/CLion/ch-0/182.4129.51/CLion.app/Contents/bin/cmake/mac/bin/cmake" -E cmake_link_script CMakeFiles/cmTC_e25ea.dir/link.txt --verbose=1
/Applications/Xcode.app/Contents/Developer/Toolchains/XcodeDefault.xctoolchain/usr/bin/cc   -Wl,-search_paths_first -Wl,-headerpad_max_install_names   CMakeFiles/cmTC_e25ea.dir/testCCompiler.c.o  -o cmTC_e25ea 


Detecting C compiler ABI info compiled with the following output:
Change Dir: /Users/ironpark/CLionProjects/hipsort/cmake-build-debug/CMakeFiles/CMakeTmp

Run Build Command:"/usr/bin/make" "cmTC_1d4a8/fast"
/Applications/Xcode.app/Contents/Developer/usr/bin/make -f CMakeFiles/cmTC_1d4a8.dir/build.make CMakeFiles/cmTC_1d4a8.dir/build
Building C object CMakeFiles/cmTC_1d4a8.dir/CMakeCCompilerABI.c.o
/Applications/Xcode.app/Contents/Developer/Toolchains/XcodeDefault.xctoolchain/usr/bin/cc    -o CMakeFiles/cmTC_1d4a8.dir/CMakeCCompilerABI.c.o   -c "/Users/ironpark/Library/Application Support/JetBrains/Toolbox/apps/CLion/ch-0/182.4129.51/CLion.app/Contents/bin/cmake/mac/share/cmake-3.12/Modules/CMakeCCompilerABI.c"
Linking C executable cmTC_1d4a8
"/Users/ironpark/Library/Application Support/JetBrains/Toolbox/apps/CLion/ch-0/182.4129.51/CLion.app/Contents/bin/cmake/mac/bin/cmake" -E cmake_link_script CMakeFiles/cmTC_1d4a8.dir/link.txt --verbose=1
/Applications/Xcode.app/Contents/Developer/Toolchains/XcodeDefault.xctoolchain/usr/bin/cc   -Wl,-search_paths_first -Wl,-headerpad_max_install_names  -v -Wl,-v CMakeFiles/cmTC_1d4a8.dir/CMakeCCompilerABI.c.o  -o cmTC_1d4a8 
Apple LLVM version 9.1.0 (clang-902.0.39.2)
Target: x86_64-apple-darwin17.6.0
Thread model: posix
InstalledDir: /Applications/Xcode.app/Contents/Developer/Toolchains/XcodeDefault.xctoolchain/usr/bin
 "/Applications/Xcode.app/Contents/Developer/Toolchains/XcodeDefault.xctoolchain/usr/bin/ld" -demangle -lto_library /Applications/Xcode.app/Contents/Developer/Toolchains/XcodeDefault.xctoolchain/usr/lib/libLTO.dylib -dynamic -arch x86_64 -macosx_version_min 10.13.0 -o cmTC_1d4a8 -search_paths_first -headerpad_max_install_names -v CMakeFiles/cmTC_1d4a8.dir/CMakeCCompilerABI.c.o -lSystem /Applications/Xcode.app/Contents/Developer/Toolchains/XcodeDefault.xctoolchain/usr/lib/clang/9.1.0/lib/darwin/libclang_rt.osx.a
@(#)PROGRAM:ld  PROJECT:ld64-351.8
configured to support archs: armv6 armv7 armv7s arm64 i386 x86_64 x86_64h armv6m armv7k armv7m armv7em (tvOS)
Library search paths:
	/usr/lib
	/usr/local/lib
Framework search paths:
	/Library/Frameworks/
	/System/Library/Frameworks/


Parsed C implicit link information from above output:
  link line regex: [^( *|.*[/\])(ld|CMAKE_LINK_STARTFILE-NOTFOUND|([^/\]+-)?ld|collect2)[^/\]*( |$)]
  ignore line: [Change Dir: /Users/ironpark/CLionProjects/hipsort/cmake-build-debug/CMakeFiles/CMakeTmp]
  ignore line: []
  ignore line: [Run Build Command:"/usr/bin/make" "cmTC_1d4a8/fast"]
  ignore line: [/Applications/Xcode.app/Contents/Developer/usr/bin/make -f CMakeFiles/cmTC_1d4a8.dir/build.make CMakeFiles/cmTC_1d4a8.dir/build]
  ignore line: [Building C object CMakeFiles/cmTC_1d4a8.dir/CMakeCCompilerABI.c.o]
  ignore line: [/Applications/Xcode.app/Contents/Developer/Toolchains/XcodeDefault.xctoolchain/usr/bin/cc    -o CMakeFiles/cmTC_1d4a8.dir/CMakeCCompilerABI.c.o   -c "/Users/ironpark/Library/Application Support/JetBrains/Toolbox/apps/CLion/ch-0/182.4129.51/CLion.app/Contents/bin/cmake/mac/share/cmake-3.12/Modules/CMakeCCompilerABI.c"]
  ignore line: [Linking C executable cmTC_1d4a8]
  ignore line: ["/Users/ironpark/Library/Application Support/JetBrains/Toolbox/apps/CLion/ch-0/182.4129.51/CLion.app/Contents/bin/cmake/mac/bin/cmake" -E cmake_link_script CMakeFiles/cmTC_1d4a8.dir/link.txt --verbose=1]
  ignore line: [/Applications/Xcode.app/Contents/Developer/Toolchains/XcodeDefault.xctoolchain/usr/bin/cc   -Wl,-search_paths_first -Wl,-headerpad_max_install_names  -v -Wl,-v CMakeFiles/cmTC_1d4a8.dir/CMakeCCompilerABI.c.o  -o cmTC_1d4a8 ]
  ignore line: [Apple LLVM version 9.1.0 (clang-902.0.39.2)]
  ignore line: [Target: x86_64-apple-darwin17.6.0]
  ignore line: [Thread model: posix]
  ignore line: [InstalledDir: /Applications/Xcode.app/Contents/Developer/Toolchains/XcodeDefault.xctoolchain/usr/bin]
  link line: [ "/Applications/Xcode.app/Contents/Developer/Toolchains/XcodeDefault.xctoolchain/usr/bin/ld" -demangle -lto_library /Applications/Xcode.app/Contents/Developer/Toolchains/XcodeDefault.xctoolchain/usr/lib/libLTO.dylib -dynamic -arch x86_64 -macosx_version_min 10.13.0 -o cmTC_1d4a8 -search_paths_first -headerpad_max_install_names -v CMakeFiles/cmTC_1d4a8.dir/CMakeCCompilerABI.c.o -lSystem /Applications/Xcode.app/Contents/Developer/Toolchains/XcodeDefault.xctoolchain/usr/lib/clang/9.1.0/lib/darwin/libclang_rt.osx.a]
    arg [/Applications/Xcode.app/Contents/Developer/Toolchains/XcodeDefault.xctoolchain/usr/bin/ld] ==> ignore
    arg [-demangle] ==> ignore
    arg [-lto_library] ==> ignore, skip following value
    arg [/Applications/Xcode.app/Contents/Developer/Toolchains/XcodeDefault.xctoolchain/usr/lib/libLTO.dylib] ==> skip value of -lto_library
    arg [-dynamic] ==> ignore
    arg [-arch] ==> ignore
    arg [x86_64] ==> ignore
    arg [-macosx_version_min] ==> ignore
    arg [10.13.0] ==> ignore
    arg [-o] ==> ignore
    arg [cmTC_1d4a8] ==> ignore
    arg [-search_paths_first] ==> ignore
    arg [-headerpad_max_install_names] ==> ignore
    arg [-v] ==> ignore
    arg [CMakeFiles/cmTC_1d4a8.dir/CMakeCCompilerABI.c.o] ==> ignore
    arg [-lSystem] ==> lib [System]
    arg [/Applications/Xcode.app/Contents/Developer/Toolchains/XcodeDefault.xctoolchain/usr/lib/clang/9.1.0/lib/darwin/libclang_rt.osx.a] ==> lib [/Applications/Xcode.app/Contents/Developer/Toolchains/XcodeDefault.xctoolchain/usr/lib/clang/9.1.0/lib/darwin/libclang_rt.osx.a]
  Library search paths: [;/usr/lib;/usr/local/lib]
  Framework search paths: [;/Library/Frameworks/;/System/Library/Frameworks/]
  remove lib [System]
  remove lib [/Applications/Xcode.app/Contents/Developer/Toolchains/XcodeDefault.xctoolchain/usr/lib/clang/9.1.0/lib/darwin/libclang_rt.osx.a]
  collapse library dir [/usr/lib] ==> [/usr/lib]
  collapse library dir [/usr/local/lib] ==> [/usr/local/lib]
  collapse framework dir [/Library/Frameworks/] ==> [/Library/Frameworks]
  collapse framework dir [/System/Library/Frameworks/] ==> [/System/Library/Frameworks]
  implicit libs: []
  implicit dirs: [/usr/lib;/usr/local/lib]
  implicit fwks: [/Library/Frameworks;/System/Library/Frameworks]




Detecting C [-std=c11] compiler features compiled with the following output:
Change Dir: /Users/ironpark/CLionProjects/hipsort/cmake-build-debug/CMakeFiles/CMakeTmp

Run Build Command:"/usr/bin/make" "cmTC_b2ce5/fast"
/Applications/Xcode.app/Contents/Developer/usr/bin/make -f CMakeFiles/cmTC_b2ce5.dir/build.make CMakeFiles/cmTC_b2ce5.dir/build
Building C object CMakeFiles/cmTC_b2ce5.dir/feature_tests.c.o
/Applications/Xcode.app/Contents/Developer/Toolchains/XcodeDefault.xctoolchain/usr/bin/cc   -std=c11 -o CMakeFiles/cmTC_b2ce5.dir/feature_tests.c.o   -c /Users/ironpark/CLionProjects/hipsort/cmake-build-debug/CMakeFiles/feature_tests.c
Linking C executable cmTC_b2ce5
"/Users/ironpark/Library/Application Support/JetBrains/Toolbox/apps/CLion/ch-0/182.4129.51/CLion.app/Contents/bin/cmake/mac/bin/cmake" -E cmake_link_script CMakeFiles/cmTC_b2ce5.dir/link.txt --verbose=1
/Applications/Xcode.app/Contents/Developer/Toolchains/XcodeDefault.xctoolchain/usr/bin/cc   -Wl,-search_paths_first -Wl,-headerpad_max_install_names   CMakeFiles/cmTC_b2ce5.dir/feature_tests.c.o  -o cmTC_b2ce5 


    Feature record: C_FEATURE:1c_function_prototypes
    Feature record: C_FEATURE:1c_restrict
    Feature record: C_FEATURE:1c_static_assert
    Feature record: C_FEATURE:1c_variadic_macros


Detecting C [-std=c99] compiler features compiled with the following output:
Change Dir: /Users/ironpark/CLionProjects/hipsort/cmake-build-debug/CMakeFiles/CMakeTmp

Run Build Command:"/usr/bin/make" "cmTC_a32f4/fast"
/Applications/Xcode.app/Contents/Developer/usr/bin/make -f CMakeFiles/cmTC_a32f4.dir/build.make CMakeFiles/cmTC_a32f4.dir/build
Building C object CMakeFiles/cmTC_a32f4.dir/feature_tests.c.o
/Applications/Xcode.app/Contents/Developer/Toolchains/XcodeDefault.xctoolchain/usr/bin/cc   -std=c99 -o CMakeFiles/cmTC_a32f4.dir/feature_tests.c.o   -c /Users/ironpark/CLionProjects/hipsort/cmake-build-debug/CMakeFiles/feature_tests.c
Linking C executable cmTC_a32f4
"/Users/ironpark/Library/Application Support/JetBrains/Toolbox/apps/CLion/ch-0/182.4129.51/CLion.app/Contents/bin/cmake/mac/bin/cmake" -E cmake_link_script CMakeFiles/cmTC_a32f4.dir/link.txt --verbose=1
/Applications/Xcode.app/Contents/Developer/Toolchains/XcodeDefault.xctoolchain/usr/bin/cc   -Wl,-search_paths_first -Wl,-headerpad_max_install_names   CMakeFiles/cmTC_a32f4.dir/feature_tests.c.o  -o cmTC_a32f4 


    Feature record: C_FEATURE:1c_function_prototypes
    Feature record: C_FEATURE:1c_restrict
    Feature record: C_FEATURE:0c_static_assert
    Feature record: C_FEATURE:1c_variadic_macros


Detecting C [-std=c90] compiler features compiled with the following output:
Change Dir: /Users/ironpark/CLionProjects/hipsort/cmake-build-debug/CMakeFiles/CMakeTmp

Run Build Command:"/usr/bin/make" "cmTC_e2bbd/fast"
/Applications/Xcode.app/Contents/Developer/usr/bin/make -f CMakeFiles/cmTC_e2bbd.dir/build.make CMakeFiles/cmTC_e2bbd.dir/build
Building C object CMakeFiles/cmTC_e2bbd.dir/feature_tests.c.o
/Applications/Xcode.app/Contents/Developer/Toolchains/XcodeDefault.xctoolchain/usr/bin/cc   -std=c90 -o CMakeFiles/cmTC_e2bbd.dir/feature_tests.c.o   -c /Users/ironpark/CLionProjects/hipsort/cmake-build-debug/CMakeFiles/feature_tests.c
Linking C executable cmTC_e2bbd
"/Users/ironpark/Library/Application Support/JetBrains/Toolbox/apps/CLion/ch-0/182.4129.51/CLion.app/Contents/bin/cmake/mac/bin/cmake" -E cmake_link_script CMakeFiles/cmTC_e2bbd.dir/link.txt --verbose=1
/Applications/Xcode.app/Contents/Developer/Toolchains/XcodeDefault.xctoolchain/usr/bin/cc   -Wl,-search_paths_first -Wl,-headerpad_max_install_names   CMakeFiles/cmTC_e2bbd.dir/feature_tests.c.o  -o cmTC_e2bbd 


    Feature record: C_FEATURE:1c_function_prototypes
    Feature record: C_FEATURE:0c_restrict
    Feature record: C_FEATURE:0c_static_assert
    Feature record: C_FEATURE:0c_variadic_macros
Determining if the CXX compiler works passed with the following output:
Change Dir: /Users/ironpark/CLionProjects/hipsort/cmake-build-debug/CMakeFiles/CMakeTmp

Run Build Command:"/usr/bin/make" "cmTC_d7920/fast"
/Applications/Xcode.app/Contents/Developer/usr/bin/make -f CMakeFiles/cmTC_d7920.dir/build.make CMakeFiles/cmTC_d7920.dir/build
Building CXX object CMakeFiles/cmTC_d7920.dir/testCXXCompiler.cxx.o
/usr/local/Cellar/gcc/8.1.0/bin/g++-8     -o CMakeFiles/cmTC_d7920.dir/testCXXCompiler.cxx.o -c /Users/ironpark/CLionProjects/hipsort/cmake-build-debug/CMakeFiles/CMakeTmp/testCXXCompiler.cxx
Linking CXX executable cmTC_d7920
"/Users/ironpark/Library/Application Support/JetBrains/Toolbox/apps/CLion/ch-0/182.4129.51/CLion.app/Contents/bin/cmake/mac/bin/cmake" -E cmake_link_script CMakeFiles/cmTC_d7920.dir/link.txt --verbose=1
/usr/local/Cellar/gcc/8.1.0/bin/g++-8    -Wl,-search_paths_first -Wl,-headerpad_max_install_names   CMakeFiles/cmTC_d7920.dir/testCXXCompiler.cxx.o  -o cmTC_d7920 


Detecting CXX compiler ABI info compiled with the following output:
Change Dir: /Users/ironpark/CLionProjects/hipsort/cmake-build-debug/CMakeFiles/CMakeTmp

Run Build Command:"/usr/bin/make" "cmTC_2c33d/fast"
/Applications/Xcode.app/Contents/Developer/usr/bin/make -f CMakeFiles/cmTC_2c33d.dir/build.make CMakeFiles/cmTC_2c33d.dir/build
Building CXX object CMakeFiles/cmTC_2c33d.dir/CMakeCXXCompilerABI.cpp.o
/usr/local/Cellar/gcc/8.1.0/bin/g++-8     -o CMakeFiles/cmTC_2c33d.dir/CMakeCXXCompilerABI.cpp.o -c "/Users/ironpark/Library/Application Support/JetBrains/Toolbox/apps/CLion/ch-0/182.4129.51/CLion.app/Contents/bin/cmake/mac/share/cmake-3.12/Modules/CMakeCXXCompilerABI.cpp"
Linking CXX executable cmTC_2c33d
"/Users/ironpark/Library/Application Support/JetBrains/Toolbox/apps/CLion/ch-0/182.4129.51/CLion.app/Contents/bin/cmake/mac/bin/cmake" -E cmake_link_script CMakeFiles/cmTC_2c33d.dir/link.txt --verbose=1
/usr/local/Cellar/gcc/8.1.0/bin/g++-8    -Wl,-search_paths_first -Wl,-headerpad_max_install_names  -v -Wl,-v CMakeFiles/cmTC_2c33d.dir/CMakeCXXCompilerABI.cpp.o  -o cmTC_2c33d 
Using built-in specs.
COLLECT_GCC=/usr/local/Cellar/gcc/8.1.0/bin/g++-8
COLLECT_LTO_WRAPPER=/usr/local/Cellar/gcc/8.1.0/libexec/gcc/x86_64-apple-darwin17.5.0/8.1.0/lto-wrapper
Target: x86_64-apple-darwin17.5.0
Configured with: ../configure --build=x86_64-apple-darwin17.5.0 --prefix=/usr/local/Cellar/gcc/8.1.0 --libdir=/usr/local/Cellar/gcc/8.1.0/lib/gcc/8 --enable-languages=c,c++,objc,obj-c++,fortran --program-suffix=-8 --with-gmp=/usr/local/opt/gmp --with-mpfr=/usr/local/opt/mpfr --with-mpc=/usr/local/opt/libmpc --with-isl=/usr/local/opt/isl --with-system-zlib --enable-checking=release --with-pkgversion='Homebrew GCC 8.1.0' --with-bugurl=https://github.com/Homebrew/homebrew-core/issues --disable-nls
Thread model: posix
gcc version 8.1.0 (Homebrew GCC 8.1.0) 
COMPILER_PATH=/usr/local/Cellar/gcc/8.1.0/libexec/gcc/x86_64-apple-darwin17.5.0/8.1.0/:/usr/local/Cellar/gcc/8.1.0/libexec/gcc/x86_64-apple-darwin17.5.0/8.1.0/:/usr/local/Cellar/gcc/8.1.0/libexec/gcc/x86_64-apple-darwin17.5.0/:/usr/local/Cellar/gcc/8.1.0/lib/gcc/8/gcc/x86_64-apple-darwin17.5.0/8.1.0/:/usr/local/Cellar/gcc/8.1.0/lib/gcc/8/gcc/x86_64-apple-darwin17.5.0/
LIBRARY_PATH=/usr/local/Cellar/gcc/8.1.0/lib/gcc/8/gcc/x86_64-apple-darwin17.5.0/8.1.0/:/usr/local/Cellar/gcc/8.1.0/lib/gcc/8/gcc/x86_64-apple-darwin17.5.0/8.1.0/../../../
COLLECT_GCC_OPTIONS='-v' '-o' 'cmTC_2c33d' '-mmacosx-version-min=10.13.0' '-asm_macosx_version_min=10.13' '-shared-libgcc' '-mtune=core2'
 /usr/local/Cellar/gcc/8.1.0/libexec/gcc/x86_64-apple-darwin17.5.0/8.1.0/collect2 -dynamic -arch x86_64 -macosx_version_min 10.13.0 -weak_reference_mismatches non-weak -o cmTC_2c33d -L/usr/local/Cellar/gcc/8.1.0/lib/gcc/8/gcc/x86_64-apple-darwin17.5.0/8.1.0 -L/usr/local/Cellar/gcc/8.1.0/lib/gcc/8/gcc/x86_64-apple-darwin17.5.0/8.1.0/../../.. -search_paths_first -headerpad_max_install_names -v CMakeFiles/cmTC_2c33d.dir/CMakeCXXCompilerABI.cpp.o -lstdc++ -no_compact_unwind -lSystem -lgcc_ext.10.5 -lgcc -lSystem -v
collect2 version 8.1.0
/usr/bin/ld -dynamic -arch x86_64 -macosx_version_min 10.13.0 -weak_reference_mismatches non-weak -o cmTC_2c33d -L/usr/local/Cellar/gcc/8.1.0/lib/gcc/8/gcc/x86_64-apple-darwin17.5.0/8.1.0 -L/usr/local/Cellar/gcc/8.1.0/lib/gcc/8/gcc/x86_64-apple-darwin17.5.0/8.1.0/../../.. -search_paths_first -headerpad_max_install_names -v CMakeFiles/cmTC_2c33d.dir/CMakeCXXCompilerABI.cpp.o -lstdc++ -no_compact_unwind -lSystem -lgcc_ext.10.5 -lgcc -lSystem -v
@(#)PROGRAM:ld  PROJECT:ld64-351.8
configured to support archs: armv6 armv7 armv7s arm64 i386 x86_64 x86_64h armv6m armv7k armv7m armv7em (tvOS)
@(#)PROGRAM:ld  PROJECT:ld64-351.8
configured to support archs: armv6 armv7 armv7s arm64 i386 x86_64 x86_64h armv6m armv7k armv7m armv7em (tvOS)
Library search paths:
	/usr/local/Cellar/gcc/8.1.0/lib/gcc/8/gcc/x86_64-apple-darwin17.5.0/8.1.0
	/usr/local/Cellar/gcc/8.1.0/lib/gcc/8
	/usr/lib
	/usr/local/lib
Framework search paths:
	/Library/Frameworks/
	/System/Library/Frameworks/
 /usr/bin/nm -n CMakeFiles/cmTC_2c33d.dir/CMakeCXXCompilerABI.cpp.o


Parsed CXX implicit link information from above output:
  link line regex: [^( *|.*[/\])(ld|CMAKE_LINK_STARTFILE-NOTFOUND|([^/\]+-)?ld|collect2)[^/\]*( |$)]
  ignore line: [Change Dir: /Users/ironpark/CLionProjects/hipsort/cmake-build-debug/CMakeFiles/CMakeTmp]
  ignore line: []
  ignore line: [Run Build Command:"/usr/bin/make" "cmTC_2c33d/fast"]
  ignore line: [/Applications/Xcode.app/Contents/Developer/usr/bin/make -f CMakeFiles/cmTC_2c33d.dir/build.make CMakeFiles/cmTC_2c33d.dir/build]
  ignore line: [Building CXX object CMakeFiles/cmTC_2c33d.dir/CMakeCXXCompilerABI.cpp.o]
  ignore line: [/usr/local/Cellar/gcc/8.1.0/bin/g++-8     -o CMakeFiles/cmTC_2c33d.dir/CMakeCXXCompilerABI.cpp.o -c "/Users/ironpark/Library/Application Support/JetBrains/Toolbox/apps/CLion/ch-0/182.4129.51/CLion.app/Contents/bin/cmake/mac/share/cmake-3.12/Modules/CMakeCXXCompilerABI.cpp"]
  ignore line: [Linking CXX executable cmTC_2c33d]
  ignore line: ["/Users/ironpark/Library/Application Support/JetBrains/Toolbox/apps/CLion/ch-0/182.4129.51/CLion.app/Contents/bin/cmake/mac/bin/cmake" -E cmake_link_script CMakeFiles/cmTC_2c33d.dir/link.txt --verbose=1]
  ignore line: [/usr/local/Cellar/gcc/8.1.0/bin/g++-8    -Wl,-search_paths_first -Wl,-headerpad_max_install_names  -v -Wl,-v CMakeFiles/cmTC_2c33d.dir/CMakeCXXCompilerABI.cpp.o  -o cmTC_2c33d ]
  ignore line: [Using built-in specs.]
  ignore line: [COLLECT_GCC=/usr/local/Cellar/gcc/8.1.0/bin/g++-8]
  ignore line: [COLLECT_LTO_WRAPPER=/usr/local/Cellar/gcc/8.1.0/libexec/gcc/x86_64-apple-darwin17.5.0/8.1.0/lto-wrapper]
  ignore line: [Target: x86_64-apple-darwin17.5.0]
  ignore line: [Configured with: ../configure --build=x86_64-apple-darwin17.5.0 --prefix=/usr/local/Cellar/gcc/8.1.0 --libdir=/usr/local/Cellar/gcc/8.1.0/lib/gcc/8 --enable-languages=c,c++,objc,obj-c++,fortran --program-suffix=-8 --with-gmp=/usr/local/opt/gmp --with-mpfr=/usr/local/opt/mpfr --with-mpc=/usr/local/opt/libmpc --with-isl=/usr/local/opt/isl --with-system-zlib --enable-checking=release --with-pkgversion='Homebrew GCC 8.1.0' --with-bugurl=https://github.com/Homebrew/homebrew-core/issues --disable-nls]
  ignore line: [Thread model: posix]
  ignore line: [gcc version 8.1.0 (Homebrew GCC 8.1.0) ]
  ignore line: [COMPILER_PATH=/usr/local/Cellar/gcc/8.1.0/libexec/gcc/x86_64-apple-darwin17.5.0/8.1.0/:/usr/local/Cellar/gcc/8.1.0/libexec/gcc/x86_64-apple-darwin17.5.0/8.1.0/:/usr/local/Cellar/gcc/8.1.0/libexec/gcc/x86_64-apple-darwin17.5.0/:/usr/local/Cellar/gcc/8.1.0/lib/gcc/8/gcc/x86_64-apple-darwin17.5.0/8.1.0/:/usr/local/Cellar/gcc/8.1.0/lib/gcc/8/gcc/x86_64-apple-darwin17.5.0/]
  ignore line: [LIBRARY_PATH=/usr/local/Cellar/gcc/8.1.0/lib/gcc/8/gcc/x86_64-apple-darwin17.5.0/8.1.0/:/usr/local/Cellar/gcc/8.1.0/lib/gcc/8/gcc/x86_64-apple-darwin17.5.0/8.1.0/../../../]
  ignore line: [COLLECT_GCC_OPTIONS='-v' '-o' 'cmTC_2c33d' '-mmacosx-version-min=10.13.0' '-asm_macosx_version_min=10.13' '-shared-libgcc' '-mtune=core2']
  link line: [ /usr/local/Cellar/gcc/8.1.0/libexec/gcc/x86_64-apple-darwin17.5.0/8.1.0/collect2 -dynamic -arch x86_64 -macosx_version_min 10.13.0 -weak_reference_mismatches non-weak -o cmTC_2c33d -L/usr/local/Cellar/gcc/8.1.0/lib/gcc/8/gcc/x86_64-apple-darwin17.5.0/8.1.0 -L/usr/local/Cellar/gcc/8.1.0/lib/gcc/8/gcc/x86_64-apple-darwin17.5.0/8.1.0/../../.. -search_paths_first -headerpad_max_install_names -v CMakeFiles/cmTC_2c33d.dir/CMakeCXXCompilerABI.cpp.o -lstdc++ -no_compact_unwind -lSystem -lgcc_ext.10.5 -lgcc -lSystem -v]
    arg [/usr/local/Cellar/gcc/8.1.0/libexec/gcc/x86_64-apple-darwin17.5.0/8.1.0/collect2] ==> ignore
    arg [-dynamic] ==> ignore
    arg [-arch] ==> ignore
    arg [x86_64] ==> ignore
    arg [-macosx_version_min] ==> ignore
    arg [10.13.0] ==> ignore
    arg [-weak_reference_mismatches] ==> ignore
    arg [non-weak] ==> ignore
    arg [-o] ==> ignore
    arg [cmTC_2c33d] ==> ignore
    arg [-L/usr/local/Cellar/gcc/8.1.0/lib/gcc/8/gcc/x86_64-apple-darwin17.5.0/8.1.0] ==> dir [/usr/local/Cellar/gcc/8.1.0/lib/gcc/8/gcc/x86_64-apple-darwin17.5.0/8.1.0]
    arg [-L/usr/local/Cellar/gcc/8.1.0/lib/gcc/8/gcc/x86_64-apple-darwin17.5.0/8.1.0/../../..] ==> dir [/usr/local/Cellar/gcc/8.1.0/lib/gcc/8/gcc/x86_64-apple-darwin17.5.0/8.1.0/../../..]
    arg [-search_paths_first] ==> ignore
    arg [-headerpad_max_install_names] ==> ignore
    arg [-v] ==> ignore
    arg [CMakeFiles/cmTC_2c33d.dir/CMakeCXXCompilerABI.cpp.o] ==> ignore
    arg [-lstdc++] ==> lib [stdc++]
    arg [-no_compact_unwind] ==> ignore
    arg [-lSystem] ==> lib [System]
    arg [-lgcc_ext.10.5] ==> lib [gcc_ext.10.5]
    arg [-lgcc] ==> lib [gcc]
    arg [-lSystem] ==> lib [System]
    arg [-v] ==> ignore
  Library search paths: [;/usr/local/Cellar/gcc/8.1.0/lib/gcc/8/gcc/x86_64-apple-darwin17.5.0/8.1.0;/usr/local/Cellar/gcc/8.1.0/lib/gcc/8;/usr/lib;/usr/local/lib]
  Framework search paths: [;/Library/Frameworks/;/System/Library/Frameworks/]
  remove lib [System]
  remove lib [System]
  collapse library dir [/usr/local/Cellar/gcc/8.1.0/lib/gcc/8/gcc/x86_64-apple-darwin17.5.0/8.1.0] ==> [/usr/local/Cellar/gcc/8.1.0/lib/gcc/8/gcc/x86_64-apple-darwin17.5.0/8.1.0]
  collapse library dir [/usr/local/Cellar/gcc/8.1.0/lib/gcc/8/gcc/x86_64-apple-darwin17.5.0/8.1.0/../../..] ==> [/usr/local/Cellar/gcc/8.1.0/lib/gcc/8]
  collapse library dir [/usr/local/Cellar/gcc/8.1.0/lib/gcc/8/gcc/x86_64-apple-darwin17.5.0/8.1.0] ==> [/usr/local/Cellar/gcc/8.1.0/lib/gcc/8/gcc/x86_64-apple-darwin17.5.0/8.1.0]
  collapse library dir [/usr/local/Cellar/gcc/8.1.0/lib/gcc/8] ==> [/usr/local/Cellar/gcc/8.1.0/lib/gcc/8]
  collapse library dir [/usr/lib] ==> [/usr/lib]
  collapse library dir [/usr/local/lib] ==> [/usr/local/lib]
  collapse framework dir [/Library/Frameworks/] ==> [/Library/Frameworks]
  collapse framework dir [/System/Library/Frameworks/] ==> [/System/Library/Frameworks]
  implicit libs: [stdc++;gcc_ext.10.5;gcc]
  implicit dirs: [/usr/local/Cellar/gcc/8.1.0/lib/gcc/8/gcc/x86_64-apple-darwin17.5.0/8.1.0;/usr/local/Cellar/gcc/8.1.0/lib/gcc/8;/usr/lib;/usr/local/lib]
  implicit fwks: [/Library/Frameworks;/System/Library/Frameworks]




Detecting CXX [-std=c++2a] compiler features compiled with the following output:
Change Dir: /Users/ironpark/CLionProjects/hipsort/cmake-build-debug/CMakeFiles/CMakeTmp

Run Build Command:"/usr/bin/make" "cmTC_a9e9f/fast"
/Applications/Xcode.app/Contents/Developer/usr/bin/make -f CMakeFiles/cmTC_a9e9f.dir/build.make CMakeFiles/cmTC_a9e9f.dir/build
Building CXX object CMakeFiles/cmTC_a9e9f.dir/feature_tests.cxx.o
/usr/local/Cellar/gcc/8.1.0/bin/g++-8    -std=c++2a -o CMakeFiles/cmTC_a9e9f.dir/feature_tests.cxx.o -c /Users/ironpark/CLionProjects/hipsort/cmake-build-debug/CMakeFiles/feature_tests.cxx
Linking CXX executable cmTC_a9e9f
"/Users/ironpark/Library/Application Support/JetBrains/Toolbox/apps/CLion/ch-0/182.4129.51/CLion.app/Contents/bin/cmake/mac/bin/cmake" -E cmake_link_script CMakeFiles/cmTC_a9e9f.dir/link.txt --verbose=1
/usr/local/Cellar/gcc/8.1.0/bin/g++-8    -Wl,-search_paths_first -Wl,-headerpad_max_install_names   CMakeFiles/cmTC_a9e9f.dir/feature_tests.cxx.o  -o cmTC_a9e9f 


    Feature record: CXX_FEATURE:1cxx_aggregate_default_initializers
    Feature record: CXX_FEATURE:1cxx_alias_templates
    Feature record: CXX_FEATURE:1cxx_alignas
    Feature record: CXX_FEATURE:1cxx_alignof
    Feature record: CXX_FEATURE:1cxx_attributes
    Feature record: CXX_FEATURE:1cxx_attribute_deprecated
    Feature record: CXX_FEATURE:1cxx_auto_type
    Feature record: CXX_FEATURE:1cxx_binary_literals
    Feature record: CXX_FEATURE:1cxx_constexpr
    Feature record: CXX_FEATURE:1cxx_contextual_conversions
    Feature record: CXX_FEATURE:1cxx_decltype
    Feature record: CXX_FEATURE:1cxx_decltype_auto
    Feature record: CXX_FEATURE:1cxx_decltype_incomplete_return_types
    Feature record: CXX_FEATURE:1cxx_default_function_template_args
    Feature record: CXX_FEATURE:1cxx_defaulted_functions
    Feature record: CXX_FEATURE:1cxx_defaulted_move_initializers
    Feature record: CXX_FEATURE:1cxx_delegating_constructors
    Feature record: CXX_FEATURE:1cxx_deleted_functions
    Feature record: CXX_FEATURE:1cxx_digit_separators
    Feature record: CXX_FEATURE:1cxx_enum_forward_declarations
    Feature record: CXX_FEATURE:1cxx_explicit_conversions
    Feature record: CXX_FEATURE:1cxx_extended_friend_declarations
    Feature record: CXX_FEATURE:1cxx_extern_templates
    Feature record: CXX_FEATURE:1cxx_final
    Feature record: CXX_FEATURE:1cxx_func_identifier
    Feature record: CXX_FEATURE:1cxx_generalized_initializers
    Feature record: CXX_FEATURE:1cxx_generic_lambdas
    Feature record: CXX_FEATURE:1cxx_inheriting_constructors
    Feature record: CXX_FEATURE:1cxx_inline_namespaces
    Feature record: CXX_FEATURE:1cxx_lambdas
    Feature record: CXX_FEATURE:1cxx_lambda_init_captures
    Feature record: CXX_FEATURE:1cxx_local_type_template_args
    Feature record: CXX_FEATURE:1cxx_long_long_type
    Feature record: CXX_FEATURE:1cxx_noexcept
    Feature record: CXX_FEATURE:1cxx_nonstatic_member_init
    Feature record: CXX_FEATURE:1cxx_nullptr
    Feature record: CXX_FEATURE:1cxx_override
    Feature record: CXX_FEATURE:1cxx_range_for
    Feature record: CXX_FEATURE:1cxx_raw_string_literals
    Feature record: CXX_FEATURE:1cxx_reference_qualified_functions
    Feature record: CXX_FEATURE:1cxx_relaxed_constexpr
    Feature record: CXX_FEATURE:1cxx_return_type_deduction
    Feature record: CXX_FEATURE:1cxx_right_angle_brackets
    Feature record: CXX_FEATURE:1cxx_rvalue_references
    Feature record: CXX_FEATURE:1cxx_sizeof_member
    Feature record: CXX_FEATURE:1cxx_static_assert
    Feature record: CXX_FEATURE:1cxx_strong_enums
    Feature record: CXX_FEATURE:1cxx_template_template_parameters
    Feature record: CXX_FEATURE:1cxx_thread_local
    Feature record: CXX_FEATURE:1cxx_trailing_return_types
    Feature record: CXX_FEATURE:1cxx_unicode_literals
    Feature record: CXX_FEATURE:1cxx_uniform_initialization
    Feature record: CXX_FEATURE:1cxx_unrestricted_unions
    Feature record: CXX_FEATURE:1cxx_user_literals
    Feature record: CXX_FEATURE:1cxx_variable_templates
    Feature record: CXX_FEATURE:1cxx_variadic_macros
    Feature record: CXX_FEATURE:1cxx_variadic_templates


Detecting CXX [-std=c++17] compiler features compiled with the following output:
Change Dir: /Users/ironpark/CLionProjects/hipsort/cmake-build-debug/CMakeFiles/CMakeTmp

Run Build Command:"/usr/bin/make" "cmTC_26b06/fast"
/Applications/Xcode.app/Contents/Developer/usr/bin/make -f CMakeFiles/cmTC_26b06.dir/build.make CMakeFiles/cmTC_26b06.dir/build
Building CXX object CMakeFiles/cmTC_26b06.dir/feature_tests.cxx.o
/usr/local/Cellar/gcc/8.1.0/bin/g++-8    -std=c++17 -o CMakeFiles/cmTC_26b06.dir/feature_tests.cxx.o -c /Users/ironpark/CLionProjects/hipsort/cmake-build-debug/CMakeFiles/feature_tests.cxx
Linking CXX executable cmTC_26b06
"/Users/ironpark/Library/Application Support/JetBrains/Toolbox/apps/CLion/ch-0/182.4129.51/CLion.app/Contents/bin/cmake/mac/bin/cmake" -E cmake_link_script CMakeFiles/cmTC_26b06.dir/link.txt --verbose=1
/usr/local/Cellar/gcc/8.1.0/bin/g++-8    -Wl,-search_paths_first -Wl,-headerpad_max_install_names   CMakeFiles/cmTC_26b06.dir/feature_tests.cxx.o  -o cmTC_26b06 


    Feature record: CXX_FEATURE:1cxx_aggregate_default_initializers
    Feature record: CXX_FEATURE:1cxx_alias_templates
    Feature record: CXX_FEATURE:1cxx_alignas
    Feature record: CXX_FEATURE:1cxx_alignof
    Feature record: CXX_FEATURE:1cxx_attributes
    Feature record: CXX_FEATURE:1cxx_attribute_deprecated
    Feature record: CXX_FEATURE:1cxx_auto_type
    Feature record: CXX_FEATURE:1cxx_binary_literals
    Feature record: CXX_FEATURE:1cxx_constexpr
    Feature record: CXX_FEATURE:1cxx_contextual_conversions
    Feature record: CXX_FEATURE:1cxx_decltype
    Feature record: CXX_FEATURE:1cxx_decltype_auto
    Feature record: CXX_FEATURE:1cxx_decltype_incomplete_return_types
    Feature record: CXX_FEATURE:1cxx_default_function_template_args
    Feature record: CXX_FEATURE:1cxx_defaulted_functions
    Feature record: CXX_FEATURE:1cxx_defaulted_move_initializers
    Feature record: CXX_FEATURE:1cxx_delegating_constructors
    Feature record: CXX_FEATURE:1cxx_deleted_functions
    Feature record: CXX_FEATURE:1cxx_digit_separators
    Feature record: CXX_FEATURE:1cxx_enum_forward_declarations
    Feature record: CXX_FEATURE:1cxx_explicit_conversions
    Feature record: CXX_FEATURE:1cxx_extended_friend_declarations
    Feature record: CXX_FEATURE:1cxx_extern_templates
    Feature record: CXX_FEATURE:1cxx_final
    Feature record: CXX_FEATURE:1cxx_func_identifier
    Feature record: CXX_FEATURE:1cxx_generalized_initializers
    Feature record: CXX_FEATURE:1cxx_generic_lambdas
    Feature record: CXX_FEATURE:1cxx_inheriting_constructors
    Feature record: CXX_FEATURE:1cxx_inline_namespaces
    Feature record: CXX_FEATURE:1cxx_lambdas
    Feature record: CXX_FEATURE:1cxx_lambda_init_captures
    Feature record: CXX_FEATURE:1cxx_local_type_template_args
    Feature record: CXX_FEATURE:1cxx_long_long_type
    Feature record: CXX_FEATURE:1cxx_noexcept
    Feature record: CXX_FEATURE:1cxx_nonstatic_member_init
    Feature record: CXX_FEATURE:1cxx_nullptr
    Feature record: CXX_FEATURE:1cxx_override
    Feature record: CXX_FEATURE:1cxx_range_for
    Feature record: CXX_FEATURE:1cxx_raw_string_literals
    Feature record: CXX_FEATURE:1cxx_reference_qualified_functions
    Feature record: CXX_FEATURE:1cxx_relaxed_constexpr
    Feature record: CXX_FEATURE:1cxx_return_type_deduction
    Feature record: CXX_FEATURE:1cxx_right_angle_brackets
    Feature record: CXX_FEATURE:1cxx_rvalue_references
    Feature record: CXX_FEATURE:1cxx_sizeof_member
    Feature record: CXX_FEATURE:1cxx_static_assert
    Feature record: CXX_FEATURE:1cxx_strong_enums
    Feature record: CXX_FEATURE:1cxx_template_template_parameters
    Feature record: CXX_FEATURE:1cxx_thread_local
    Feature record: CXX_FEATURE:1cxx_trailing_return_types
    Feature record: CXX_FEATURE:1cxx_unicode_literals
    Feature record: CXX_FEATURE:1cxx_uniform_initialization
    Feature record: CXX_FEATURE:1cxx_unrestricted_unions
    Feature record: CXX_FEATURE:1cxx_user_literals
    Feature record: CXX_FEATURE:1cxx_variable_templates
    Feature record: CXX_FEATURE:1cxx_variadic_macros
    Feature record: CXX_FEATURE:1cxx_variadic_templates


Detecting CXX [-std=c++14] compiler features compiled with the following output:
Change Dir: /Users/ironpark/CLionProjects/hipsort/cmake-build-debug/CMakeFiles/CMakeTmp

Run Build Command:"/usr/bin/make" "cmTC_6193b/fast"
/Applications/Xcode.app/Contents/Developer/usr/bin/make -f CMakeFiles/cmTC_6193b.dir/build.make CMakeFiles/cmTC_6193b.dir/build
Building CXX object CMakeFiles/cmTC_6193b.dir/feature_tests.cxx.o
/usr/local/Cellar/gcc/8.1.0/bin/g++-8    -std=c++14 -o CMakeFiles/cmTC_6193b.dir/feature_tests.cxx.o -c /Users/ironpark/CLionProjects/hipsort/cmake-build-debug/CMakeFiles/feature_tests.cxx
Linking CXX executable cmTC_6193b
"/Users/ironpark/Library/Application Support/JetBrains/Toolbox/apps/CLion/ch-0/182.4129.51/CLion.app/Contents/bin/cmake/mac/bin/cmake" -E cmake_link_script CMakeFiles/cmTC_6193b.dir/link.txt --verbose=1
/usr/local/Cellar/gcc/8.1.0/bin/g++-8    -Wl,-search_paths_first -Wl,-headerpad_max_install_names   CMakeFiles/cmTC_6193b.dir/feature_tests.cxx.o  -o cmTC_6193b 


    Feature record: CXX_FEATURE:1cxx_aggregate_default_initializers
    Feature record: CXX_FEATURE:1cxx_alias_templates
    Feature record: CXX_FEATURE:1cxx_alignas
    Feature record: CXX_FEATURE:1cxx_alignof
    Feature record: CXX_FEATURE:1cxx_attributes
    Feature record: CXX_FEATURE:1cxx_attribute_deprecated
    Feature record: CXX_FEATURE:1cxx_auto_type
    Feature record: CXX_FEATURE:1cxx_binary_literals
    Feature record: CXX_FEATURE:1cxx_constexpr
    Feature record: CXX_FEATURE:1cxx_contextual_conversions
    Feature record: CXX_FEATURE:1cxx_decltype
    Feature record: CXX_FEATURE:1cxx_decltype_auto
    Feature record: CXX_FEATURE:1cxx_decltype_incomplete_return_types
    Feature record: CXX_FEATURE:1cxx_default_function_template_args
    Feature record: CXX_FEATURE:1cxx_defaulted_functions
    Feature record: CXX_FEATURE:1cxx_defaulted_move_initializers
    Feature record: CXX_FEATURE:1cxx_delegating_constructors
    Feature record: CXX_FEATURE:1cxx_deleted_functions
    Feature record: CXX_FEATURE:1cxx_digit_separators
    Feature record: CXX_FEATURE:1cxx_enum_forward_declarations
    Feature record: CXX_FEATURE:1cxx_explicit_conversions
    Feature record: CXX_FEATURE:1cxx_extended_friend_declarations
    Feature record: CXX_FEATURE:1cxx_extern_templates
    Feature record: CXX_FEATURE:1cxx_final
    Feature record: CXX_FEATURE:1cxx_func_identifier
    Feature record: CXX_FEATURE:1cxx_generalized_initializers
    Feature record: CXX_FEATURE:1cxx_generic_lambdas
    Feature record: CXX_FEATURE:1cxx_inheriting_constructors
    Feature record: CXX_FEATURE:1cxx_inline_namespaces
    Feature record: CXX_FEATURE:1cxx_lambdas
    Feature record: CXX_FEATURE:1cxx_lambda_init_captures
    Feature record: CXX_FEATURE:1cxx_local_type_template_args
    Feature record: CXX_FEATURE:1cxx_long_long_type
    Feature record: CXX_FEATURE:1cxx_noexcept
    Feature record: CXX_FEATURE:1cxx_nonstatic_member_init
    Feature record: CXX_FEATURE:1cxx_nullptr
    Feature record: CXX_FEATURE:1cxx_override
    Feature record: CXX_FEATURE:1cxx_range_for
    Feature record: CXX_FEATURE:1cxx_raw_string_literals
    Feature record: CXX_FEATURE:1cxx_reference_qualified_functions
    Feature record: CXX_FEATURE:1cxx_relaxed_constexpr
    Feature record: CXX_FEATURE:1cxx_return_type_deduction
    Feature record: CXX_FEATURE:1cxx_right_angle_brackets
    Feature record: CXX_FEATURE:1cxx_rvalue_references
    Feature record: CXX_FEATURE:1cxx_sizeof_member
    Feature record: CXX_FEATURE:1cxx_static_assert
    Feature record: CXX_FEATURE:1cxx_strong_enums
    Feature record: CXX_FEATURE:1cxx_template_template_parameters
    Feature record: CXX_FEATURE:1cxx_thread_local
    Feature record: CXX_FEATURE:1cxx_trailing_return_types
    Feature record: CXX_FEATURE:1cxx_unicode_literals
    Feature record: CXX_FEATURE:1cxx_uniform_initialization
    Feature record: CXX_FEATURE:1cxx_unrestricted_unions
    Feature record: CXX_FEATURE:1cxx_user_literals
    Feature record: CXX_FEATURE:1cxx_variable_templates
    Feature record: CXX_FEATURE:1cxx_variadic_macros
    Feature record: CXX_FEATURE:1cxx_variadic_templates


Detecting CXX [-std=c++11] compiler features compiled with the following output:
Change Dir: /Users/ironpark/CLionProjects/hipsort/cmake-build-debug/CMakeFiles/CMakeTmp

Run Build Command:"/usr/bin/make" "cmTC_a7072/fast"
/Applications/Xcode.app/Contents/Developer/usr/bin/make -f CMakeFiles/cmTC_a7072.dir/build.make CMakeFiles/cmTC_a7072.dir/build
Building CXX object CMakeFiles/cmTC_a7072.dir/feature_tests.cxx.o
/usr/local/Cellar/gcc/8.1.0/bin/g++-8    -std=c++11 -o CMakeFiles/cmTC_a7072.dir/feature_tests.cxx.o -c /Users/ironpark/CLionProjects/hipsort/cmake-build-debug/CMakeFiles/feature_tests.cxx
Linking CXX executable cmTC_a7072
"/Users/ironpark/Library/Application Support/JetBrains/Toolbox/apps/CLion/ch-0/182.4129.51/CLion.app/Contents/bin/cmake/mac/bin/cmake" -E cmake_link_script CMakeFiles/cmTC_a7072.dir/link.txt --verbose=1
/usr/local/Cellar/gcc/8.1.0/bin/g++-8    -Wl,-search_paths_first -Wl,-headerpad_max_install_names   CMakeFiles/cmTC_a7072.dir/feature_tests.cxx.o  -o cmTC_a7072 


    Feature record: CXX_FEATURE:0cxx_aggregate_default_initializers
    Feature record: CXX_FEATURE:1cxx_alias_templates
    Feature record: CXX_FEATURE:1cxx_alignas
    Feature record: CXX_FEATURE:1cxx_alignof
    Feature record: CXX_FEATURE:1cxx_attributes
    Feature record: CXX_FEATURE:0cxx_attribute_deprecated
    Feature record: CXX_FEATURE:1cxx_auto_type
    Feature record: CXX_FEATURE:0cxx_binary_literals
    Feature record: CXX_FEATURE:1cxx_constexpr
    Feature record: CXX_FEATURE:0cxx_contextual_conversions
    Feature record: CXX_FEATURE:1cxx_decltype
    Feature record: CXX_FEATURE:0cxx_decltype_auto
    Feature record: CXX_FEATURE:1cxx_decltype_incomplete_return_types
    Feature record: CXX_FEATURE:1cxx_default_function_template_args
    Feature record: CXX_FEATURE:1cxx_defaulted_functions
    Feature record: CXX_FEATURE:1cxx_defaulted_move_initializers
    Feature record: CXX_FEATURE:1cxx_delegating_constructors
    Feature record: CXX_FEATURE:1cxx_deleted_functions
    Feature record: CXX_FEATURE:0cxx_digit_separators
    Feature record: CXX_FEATURE:1cxx_enum_forward_declarations
    Feature record: CXX_FEATURE:1cxx_explicit_conversions
    Feature record: CXX_FEATURE:1cxx_extended_friend_declarations
    Feature record: CXX_FEATURE:1cxx_extern_templates
    Feature record: CXX_FEATURE:1cxx_final
    Feature record: CXX_FEATURE:1cxx_func_identifier
    Feature record: CXX_FEATURE:1cxx_generalized_initializers
    Feature record: CXX_FEATURE:0cxx_generic_lambdas
    Feature record: CXX_FEATURE:1cxx_inheriting_constructors
    Feature record: CXX_FEATURE:1cxx_inline_namespaces
    Feature record: CXX_FEATURE:1cxx_lambdas
    Feature record: CXX_FEATURE:0cxx_lambda_init_captures
    Feature record: CXX_FEATURE:1cxx_local_type_template_args
    Feature record: CXX_FEATURE:1cxx_long_long_type
    Feature record: CXX_FEATURE:1cxx_noexcept
    Feature record: CXX_FEATURE:1cxx_nonstatic_member_init
    Feature record: CXX_FEATURE:1cxx_nullptr
    Feature record: CXX_FEATURE:1cxx_override
    Feature record: CXX_FEATURE:1cxx_range_for
    Feature record: CXX_FEATURE:1cxx_raw_string_literals
    Feature record: CXX_FEATURE:1cxx_reference_qualified_functions
    Feature record: CXX_FEATURE:0cxx_relaxed_constexpr
    Feature record: CXX_FEATURE:0cxx_return_type_deduction
    Feature record: CXX_FEATURE:1cxx_right_angle_brackets
    Feature record: CXX_FEATURE:1cxx_rvalue_references
    Feature record: CXX_FEATURE:1cxx_sizeof_member
    Feature record: CXX_FEATURE:1cxx_static_assert
    Feature record: CXX_FEATURE:1cxx_strong_enums
    Feature record: CXX_FEATURE:1cxx_template_template_parameters
    Feature record: CXX_FEATURE:1cxx_thread_local
    Feature record: CXX_FEATURE:1cxx_trailing_return_types
    Feature record: CXX_FEATURE:1cxx_unicode_literals
    Feature record: CXX_FEATURE:1cxx_uniform_initialization
    Feature record: CXX_FEATURE:1cxx_unrestricted_unions
    Feature record: CXX_FEATURE:1cxx_user_literals
    Feature record: CXX_FEATURE:0cxx_variable_templates
    Feature record: CXX_FEATURE:1cxx_variadic_macros
    Feature record: CXX_FEATURE:1cxx_variadic_templates


Detecting CXX [-std=c++98] compiler features compiled with the following output:
Change Dir: /Users/ironpark/CLionProjects/hipsort/cmake-build-debug/CMakeFiles/CMakeTmp

Run Build Command:"/usr/bin/make" "cmTC_85ffa/fast"
/Applications/Xcode.app/Contents/Developer/usr/bin/make -f CMakeFiles/cmTC_85ffa.dir/build.make CMakeFiles/cmTC_85ffa.dir/build
Building CXX object CMakeFiles/cmTC_85ffa.dir/feature_tests.cxx.o
/usr/local/Cellar/gcc/8.1.0/bin/g++-8    -std=c++98 -o CMakeFiles/cmTC_85ffa.dir/feature_tests.cxx.o -c /Users/ironpark/CLionProjects/hipsort/cmake-build-debug/CMakeFiles/feature_tests.cxx
Linking CXX executable cmTC_85ffa
"/Users/ironpark/Library/Application Support/JetBrains/Toolbox/apps/CLion/ch-0/182.4129.51/CLion.app/Contents/bin/cmake/mac/bin/cmake" -E cmake_link_script CMakeFiles/cmTC_85ffa.dir/link.txt --verbose=1
/usr/local/Cellar/gcc/8.1.0/bin/g++-8    -Wl,-search_paths_first -Wl,-headerpad_max_install_names   CMakeFiles/cmTC_85ffa.dir/feature_tests.cxx.o  -o cmTC_85ffa 


    Feature record: CXX_FEATURE:0cxx_aggregate_default_initializers
    Feature record: CXX_FEATURE:0cxx_alias_templates
    Feature record: CXX_FEATURE:0cxx_alignas
    Feature record: CXX_FEATURE:0cxx_alignof
    Feature record: CXX_FEATURE:0cxx_attributes
    Feature record: CXX_FEATURE:0cxx_attribute_deprecated
    Feature record: CXX_FEATURE:0cxx_auto_type
    Feature record: CXX_FEATURE:0cxx_binary_literals
    Feature record: CXX_FEATURE:0cxx_constexpr
    Feature record: CXX_FEATURE:0cxx_contextual_conversions
    Feature record: CXX_FEATURE:0cxx_decltype
    Feature record: CXX_FEATURE:0cxx_decltype_auto
    Feature record: CXX_FEATURE:0cxx_decltype_incomplete_return_types
    Feature record: CXX_FEATURE:0cxx_default_function_template_args
    Feature record: CXX_FEATURE:0cxx_defaulted_functions
    Feature record: CXX_FEATURE:0cxx_defaulted_move_initializers
    Feature record: CXX_FEATURE:0cxx_delegating_constructors
    Feature record: CXX_FEATURE:0cxx_deleted_functions
    Feature record: CXX_FEATURE:0cxx_digit_separators
    Feature record: CXX_FEATURE:0cxx_enum_forward_declarations
    Feature record: CXX_FEATURE:0cxx_explicit_conversions
    Feature record: CXX_FEATURE:0cxx_extended_friend_declarations
    Feature record: CXX_FEATURE:0cxx_extern_templates
    Feature record: CXX_FEATURE:0cxx_final
    Feature record: CXX_FEATURE:0cxx_func_identifier
    Feature record: CXX_FEATURE:0cxx_generalized_initializers
    Feature record: CXX_FEATURE:0cxx_generic_lambdas
    Feature record: CXX_FEATURE:0cxx_inheriting_constructors
    Feature record: CXX_FEATURE:0cxx_inline_namespaces
    Feature record: CXX_FEATURE:0cxx_lambdas
    Feature record: CXX_FEATURE:0cxx_lambda_init_captures
    Feature record: CXX_FEATURE:0cxx_local_type_template_args
    Feature record: CXX_FEATURE:0cxx_long_long_type
    Feature record: CXX_FEATURE:0cxx_noexcept
    Feature record: CXX_FEATURE:0cxx_nonstatic_member_init
    Feature record: CXX_FEATURE:0cxx_nullptr
    Feature record: CXX_FEATURE:0cxx_override
    Feature record: CXX_FEATURE:0cxx_range_for
    Feature record: CXX_FEATURE:0cxx_raw_string_literals
    Feature record: CXX_FEATURE:0cxx_reference_qualified_functions
    Feature record: CXX_FEATURE:0cxx_relaxed_constexpr
    Feature record: CXX_FEATURE:0cxx_return_type_deduction
    Feature record: CXX_FEATURE:0cxx_right_angle_brackets
    Feature record: CXX_FEATURE:0cxx_rvalue_references
    Feature record: CXX_FEATURE:0cxx_sizeof_member
    Feature record: CXX_FEATURE:0cxx_static_assert
    Feature record: CXX_FEATURE:0cxx_strong_enums
    Feature record: CXX_FEATURE:1cxx_template_template_parameters
    Feature record: CXX_FEATURE:0cxx_thread_local
    Feature record: CXX_FEATURE:0cxx_trailing_return_types
    Feature record: CXX_FEATURE:0cxx_unicode_literals
    Feature record: CXX_FEATURE:0cxx_uniform_initialization
    Feature record: CXX_FEATURE:0cxx_unrestricted_unions
    Feature record: CXX_FEATURE:0cxx_user_literals
    Feature record: CXX_FEATURE:0cxx_variable_templates
    Feature record: CXX_FEATURE:0cxx_variadic_macros
    Feature record: CXX_FEATURE:0cxx_variadic_templates
